TN:
SF:/Users/gavin/repos/EnsemblLite/.nox/test-3-11/lib/python3.11/site-packages/ensembl_lite/__init__.py
DA:1,1,7+GYJpOdMRIQUoQRO/P5Aw
DA:3,1,5tbwxqyAozotn2mV/xt7rw
DA:6,1,ivlAXXIoxLvzp4xw7WrIjA
DA:7,1,LNLzBKMBoMmqaLLIt4pTWw
DA:10,1,wtxjrmBNVp/dyLfWQ3ixWw
DA:17,1,WVIK3mcRtECMMcR4TnJ8nQ
DA:18,1,0Zg8jrEMPtnm7tI8475d2g
DA:19,1,2+5L7WgVD3HqwU30mcH2jw
DA:20,1,AnFnYF/b9+HNbec+JCpMtA
DA:21,1,0TDiVc5FgvKOc9zRpFtJAg
DA:22,1,iFHBXU9jlIgD4YirzvP3iQ
DA:23,1,v8WzeWsABa/oYTiyV8c7iw
DA:24,1,Yss171/09HYzo3RQz1xAGQ
LF:13
LH:13
end_of_record
TN:
SF:/Users/gavin/repos/EnsemblLite/.nox/test-3-11/lib/python3.11/site-packages/ensembl_lite/_aligndb.py
DA:1,1,ydCxunymauVRdfWlNGpIBA
DA:3,1,7Z9Lj4ed27Wf2hBX6jooEA
DA:4,1,zVIrvo60kTiMN8IFGNmBDQ
DA:6,1,qLAaloR/f+XZxG5VcyqNzQ
DA:7,1,7HpIEQVf5K0efdTzo05mJg
DA:9,1,NliK4oZCahxvQQx1DqKQCw
DA:10,1,z0M55drSbFe78y+pxCfU9g
DA:12,1,3GWD5MYCQLk6SiiDy9aBHw
DA:13,1,odaHZhup/YaLjDNdDhObSA
DA:14,1,84O3fECSP736vw9GBYBndg
DA:16,1,eRcpyVxGPP/w8cdHO4WXnA
DA:17,1,Ehb/1fIB+BORYkNtIiSY2A
DA:18,1,Chht/cii8hrt/s1u9H5UxA
DA:21,1,u05yjRWAkH+gCp+qnLKbwA
DA:22,1,Q4ocOUYtTwlvYlIKVAtZIw
DA:23,1,DtanM9M5ygudIvXXtWaJvA
DA:31,1,jjTE0APwC+h1jGe+COC3vw
DA:32,1,9MA3Fz9VI+lDJUQ3xrfasw
DA:33,1,Dnuae3MZhwVX4armsZjxuA
DA:34,1,bhYFmlATvXboz6ZhnEnrbA
DA:35,1,pOvGLA9DHXMk9W50+I39MA
DA:36,1,PcEaHT5AgJl9/4zdh5IQow
DA:37,1,3ikpsMKgoXIcOk7SBv8eVQ
DA:38,1,tFmNLVMbP6Jp4cqSE1NQOg
DA:40,1,GnyHI8+jJVRvaKvyhnUROQ
DA:41,1,95O5IeR0teHuMchdjihW9Q
DA:43,1,NMSYDxWnmeINxGfvb+eQ3A
DA:46,1,X115G4CwmLkek13LoY9EUg
DA:47,1,7Ez6ldZuOkNHwKnekA6DJg
DA:48,1,gzdKlcSMDWJrP6YqNmJdnA
DA:49,1,1RWVA7cBO2630FhV6pd0Yg
DA:51,1,8jPKeHrDqmnBs67bmL503g
DA:54,1,NzztdHLjt1KPtzVl732Tsg
DA:59,1,pX1q9Zxy2w7CvOU5nVnEYQ
DA:60,1,+SCXxU4lbMpVZ18qsaTrwg
DA:61,1,I+d4kOotAYDRZuv5Tub7ZQ
DA:72,1,IXrqXXv0xc+wRR/w6XM5aQ
DA:80,1,b+9+H5K7xbyZMSHuamrSGg
DA:81,1,TJNJc9LAit/Kgr8G8PHlIw
DA:82,1,MC6q7KXUBQHPQGwydIVe2g
DA:84,1,UM54pMAO26Zl2cI8XvNmiA
DA:86,1,U80rcuwgdRjCef2yyLZuYQ
DA:92,1,Y/fvNjYD4ID6szT//Q4+pw
DA:93,1,LiE+/5L/58f3CmPciHgflg
DA:94,1,99m2tocbFNOiJWSNBOWiKw
DA:96,1,t7YfIj0LK6PtLPcij31d5w
DA:97,1,ElzmO/ZRhzfanRyj3XwipQ
DA:98,1,cuPkHCsMPt7IXjNa9iohqQ
DA:100,1,I+xU0uap5hJTprCF+m4xOA
DA:108,1,W0BRGusjT1qVjk52CUIwIg
DA:109,1,4zmhkSUMTmRK1kXGz7PK2Q
DA:110,1,Z7C0amFnRbskat5yOOyLfg
DA:112,1,lrzXSJ390VqgcssNou6K6Q
DA:113,1,8rWNzydSMT/8xcWbQvOTLQ
DA:114,1,ZgcE8Zz9pHPXF0reIYDfUg
DA:116,1,GBtmUWum8OTwrfJMo57nHQ
DA:117,1,rnLsQ84lrrvuJRkYJGjVOQ
DA:118,1,VwMf4wUVciSfyxBs/KUzDw
DA:120,1,GBtmUWum8OTwrfJMo57nHQ
DA:121,1,VD1zivtdMJq3uFHWze31Vw
DA:123,1,tMDkKc5nuQEV1jlUqNACrQ
DA:125,1,aZEacIrXOHoNdctZLS98AQ
DA:134,1,Q4SktZD6okVtWdocvpFDNg
DA:135,1,UisFzMATqZnafC1D9n5kPA
DA:143,1,HkeJgLy7dOYkLAt3PtpQAw
DA:150,1,cgichvKEdBDuPL9PYsQHaw
DA:151,1,t4Nvse/JkFsL2fxKWzyL+w
DA:152,1,um6X7qQZKZuU3E5aovIFhg
DA:153,1,t+N5ilmegtfK7q38ilpxzg
DA:154,1,/VOFd6PgynLz3yaf+iO0xw
DA:155,1,pwvmhJT3C2BT6s6LaL+jdQ
DA:157,1,9s5E62B3MIm6wqvqmqWluQ
DA:159,1,dE16CrKpdDRlxZ1HTmF4kg
DA:161,1,ESr7qG1nS6iJaVGevkaoUg
DA:164,1,hqeW6nv98DCtjUoVwxn4qw
DA:175,1,6Rg9dyhT62KHEU57McixxQ
DA:177,1,FjbF4LORSPUbUIL05TF3LA
DA:178,1,/afDGzko3XCIXoLyigNOGQ
DA:180,1,qVb/YqKCa135IiWIdL4MjQ
DA:185,1,LSpt6dPpgfnKeaBHOaR40g
DA:192,1,2jbiymZGFMqYE4t40Sxz2Q
DA:193,1,G2vww9ekTY57O10bZ3TIbQ
DA:196,1,3f5AYtFh/ukaitlbHfl52w
DA:197,1,Gz9zAGBYJgZf3bINuYSqpg
DA:198,1,KLWfw0nDYKuisGIUUfDG+Q
DA:209,1,lySkLtG+DOv3ugUUxhXAsA
DA:210,1,TevjTN762CpHuWf6EilF+w
DA:212,1,M6eFKWvYEZqGer3otrNcTA
DA:215,1,YbC2hoizA9I1G7233d8b7g
DA:217,1,3V4dugfT2qVYhuxvfruXNg
DA:218,1,6h6Q7B6iH8LrLTwswk2XiQ
DA:220,1,qL+DwflkEaJK8FQqdu0RNg
DA:221,1,fTKawFBaSe9qimpES0qhYg
DA:222,1,pOJwuGdEbe7GLbMcySd1QA
DA:226,1,MGG9RrYA0Z19rUwiABnwbw
DA:227,1,2jbiymZGFMqYE4t40Sxz2Q
DA:228,1,ryecezyYGqBtrLEQzQ7CzQ
DA:229,1,zO7u7MwChczDw6sQX532vA
DA:232,1,YAN9jdzriBWIWFzuajsNcw
DA:233,1,AcaPox0UN0F1UjsZuZWUBA
DA:234,1,A1exsVBH/zSpKsy2HfsN2g
DA:240,1,qTZSULBplXWLobyNFf5xbw
DA:241,1,cZRuqyEPl5uPEs9kGrlAtQ
DA:242,1,3JyfiBXS/6w1kBClGTYFbw
DA:243,1,UG+QNcLIJiQlwYCNelg2xA
DA:245,1,oYVTYT/Y7zkY8GHesqgvIQ
DA:247,1,QknSPe1hzYmEAHqQujkihQ
DA:254,1,h97/pumSkQwL0pzeDOpUJw
DA:256,1,UG+QNcLIJiQlwYCNelg2xA
DA:257,1,4yvn05NLsWfTE3UJ2FzjpQ
DA:259,1,JsN7Pr+eO6E8w020arC0rg
DA:260,1,u8Q+cB0oXRJfCZOmrHURlA
DA:262,1,9NCVsVnGjpzFiotP4+VnqA
DA:263,1,7av7gIp09oLcOZHBWl/JgA
DA:264,1,he60kprSlH6oQ6jLBf3RSg
DA:265,1,WF7SjgkcAZqdM9aoq42GgA
DA:268,1,dd3ftzNKVtiWzeex9BZg7Q
DA:273,1,m7PKhirmycmsRV2veGdTuA
DA:274,1,8od1qVB/hZixj0picUuosw
DA:275,1,yxsY/qatrRM/OFd9QI26rA
DA:277,1,seOy3fnYJ1qH20lNMeFt6w
DA:278,1,BSYxYG/OkL8CngLF8+3z8Q
DA:279,1,+Cih5+6ujkYTdj5IExSCVw
DA:280,1,SgnMmotio+cJjJGpbV1gRw
DA:281,1,l5yn40nRoy3LC3SmZo5oew
DA:282,1,XkpIknrhr31UPUMOp+dbyg
DA:283,1,qGIAY6NE1wXfp424pTUILg
DA:285,1,SxC3z1/xF/5UHBCjWWVbvQ
DA:288,1,u05yjRWAkH+gCp+qnLKbwA
DA:289,1,rmBUoVRQVF2H+g9sc4BPMA
DA:290,1,wcV8gc7r2IEh1sJID5V+ng
DA:303,1,S/7R0G5uGYbnudejJNDP1A
DA:305,1,gJNk7K6wSCnpoya2hUmecg
DA:307,1,mHdZKLuZrY3JDPOeQHLV4Q
DA:308,1,ALcaKYZyKSWerEZRTU86DA
DA:312,1,Zp3Oyw9kbFuieI4uUvvXkw
DA:315,1,Amu+uT0EmPPy87MhRKqwXw
DA:317,1,09UKF1cYDU2n7YFP9ADj1A
DA:321,1,RKzhL+yCUb3zniGFYhplVQ
DA:322,1,/NN4gEFn++b5RVKvrmyP8w
DA:325,1,tkE1uwAzT1ddelQs5rrykg
DA:326,1,GdVOAu3TU1dlChuc3UA1tA
DA:327,1,JdgUMhguRNExRCLL4cp+1Q
DA:328,1,ebsOHsJ1kRthkuv6aDI26Q
DA:329,1,/NN4gEFn++b5RVKvrmyP8w
DA:333,1,ctwEjZWgtKcVEmn0h74oeg
DA:334,1,wwcBloIXgVafPx1FuiZ4DA
DA:335,1,SyLmWd+IAKTs1I0+TlDkyQ
DA:337,1,gy0FwcoQqKJqXc0HkLiRkw
DA:338,1,5ROrgam/sYqDYVAlfwW8Lg
DA:340,1,G16pjBEQw66OL/9pllvzUQ
DA:342,1,FYg9bte/eYEFoTOzU7C4OA
DA:343,1,QPuOjmaK0uNxVhN6u3V+hw
DA:349,1,moKPXg7lJskpIRoLsjCZKA
DA:350,1,gvyKXO2lyykz//JA6nRfMQ
DA:352,1,HU0LxRy1MhFmVWJVdzT9cQ
DA:353,1,mCfHY14V+nVxYCRDKxIwgA
DA:354,1,uQQqpZAcimWXDkvdU1NPJQ
DA:355,1,DnwxT6qYWgcYE+Edlldn5w
DA:356,1,QuYL35fE7bM8OIoffozaGA
DA:358,1,+bH18pDksAQ+ncK2ScqVsQ
DA:359,1,70uZe10Yv0hR06ffGUYDtg
DA:362,1,HU0LxRy1MhFmVWJVdzT9cQ
DA:363,1,yiTQE3yQ9hexQTs10b2hKA
DA:366,1,Esp1QhfHz9y7TfkhUpX45Q
DA:367,1,DgDVsO2tNoO+vchuWle0Ug
DA:369,1,/IFByLgttd/WOaXnK92i0A
DA:370,1,Nz9aLz0T7G8UWdPksiLDHw
DA:372,1,PqYUSw2xkO+cD4ecusTIKQ
DA:373,1,670WKwXs3YSFYjPQxCJXHg
DA:374,1,JRdduCyBT5juY1ZqZuenJQ
DA:376,1,/IFByLgttd/WOaXnK92i0A
DA:378,1,aY7Ijaat1qYbNVYFiuJ9+g
DA:379,1,9FAKYRhy+tP728CoWuZT7w
DA:380,1,eedwPCLlgNSBUluxNmNrbA
DA:382,1,1peECaGR1AjD0mn1DJ1WaQ
DA:384,1,wt6RKSVQpp8NMmUjnd+a4w
DA:388,1,x6CFh5gV+cSCOFK8tb7ppg
DA:390,1,NhwiEFYxgSItKkKpG1x/GA
DA:391,1,zbv+ClnpzextMVqba+v/Nw
DA:392,1,p+JZk9tB946eCAK6EkKqsA
DA:394,1,7lKCU4rJqFMr06z7eBVyKQ
DA:396,1,UzjRY+4IvNzHpoxIUv44Kg
DA:399,1,K8jRMH4Db7khOk2FQ9e6BA
DA:400,1,DbvZWh4lsneH8he5bcEnbg
DA:403,1,pHPViNpkdlRUMGNEDLdj7Q
DA:404,1,V4ymrUKMaAvG213Z3ZBUxA
DA:406,1,f9/5ITxPi0s+GuCKeImMaQ
DA:407,1,Sb22Jwuni7EorjttsCyegA
DA:410,1,WfujYX+t+riQB3B4pdZBaQ
DA:411,1,xMmo6QkM0GKszXRj3DZPXA
DA:412,1,3kzy2WjqUlDc5ch1OsFk+g
DA:414,1,lE/Oyy6Yq26e5z1njLwRVw
DA:416,1,CVMogL7BqMVPUqysXds5EQ
DA:418,1,T0+lU/xbG8FKlWySP/rX4Q
DA:420,1,RBKYo6F21fTLTO0FPZFYTA
DA:421,1,/NN4gEFn++b5RVKvrmyP8w
DA:425,1,7oBaeUFL4DKLIO/gU0dT9w
DA:426,1,inbh/QMETDsAdOYwEoGErw
DA:431,1,u/PIXucUy3gJ3GeACH9wtg
DA:432,1,Oh1NSFrmoq9HdeRZ1flRMA
DA:433,1,bYISuBWk/1dxD/DZsaeI2A
DA:434,1,9F02UMkkL4NR1VElxCHSaA
DA:436,1,X/D9KXdlygQhhjpcApw5wA
DA:437,1,BfAfSFoZ1fao5/L0X2mYcw
DA:439,1,h9PCHtiOS1QZFWjJOGs2Hg
DA:441,1,/VUAfWMIeeP6mh/HvhzacQ
DA:443,1,8VfDJ7i+Cw5GOr6kjHYrNA
DA:445,1,dwfP05ohb9dvRHvNFBSekA
DA:448,1,1aCbnmRECyZScAwafEcHoQ
DA:451,1,UlxS0HG1XVJDmWpG2cQJuA
DA:44,0,e1p2UIcry3Zv++5sc/GmQQ
DA:50,0,7N/JFuOs+JgNw/t49ouLjw
DA:224,0,6eKR4xYK66Z+ME2RfdsI1A
DA:397,0,1lHo3y/8QhmAbmmBsRfnmw
DA:462,0,JjdvgYHm9Q63FSxa1fX/eA
DA:463,0,9eZvPQabxBKxIsMwJPLfew
DA:464,0,LC6waGBFIiseSGc7ELdgVw
DA:465,0,oJAhGEDtNXEMHKvnpTtM3Q
DA:466,0,iq6kucyQ/DNws1mKvBqFTg
DA:467,0,sOvtOfk75TbAtTgkgicGHg
DA:468,0,lB8c3lr+E8FisKrqWSc63g
DA:469,0,at+P9lhRmtzpUZQBBoHCwQ
DA:470,0,SdPbQHNoge3WhMJ1pvO55w
DA:480,0,PazQ+Hl/ICoQOnZDc7qNwQ
DA:481,0,Cy9rLcOboL5HPCl5ZhQx3A
DA:483,0,E9JgzVCkh6TVGr1XJ9l05Q
DA:484,0,KsxTgN/S9S8NGcpG3rLFqA
DA:495,0,aEOwY/YpLlZYA+TbKBeXbw
DA:496,0,jHhA0eMC2eyFSBlYYZF++A
DA:497,0,HQjcHcdt1qCa8GNpCR4i4Q
DA:498,0,IqVnsX11LTevFz2+RGG81g
DA:499,0,SggKY7tYjTlPneRTa3v2Gg
DA:500,0,82L0b0vr7x5DkkVtvj3HMg
DA:501,0,1e+qvz+M6pMIKHShWbBKYw
DA:502,0,0XqjQ9vK6YxQg4SRgirT+A
DA:504,0,LWILTcvARcydjFFyo9qM0A
LF:235
LH:209
end_of_record
TN:
SF:/Users/gavin/repos/EnsemblLite/.nox/test-3-11/lib/python3.11/site-packages/ensembl_lite/_config.py
DA:1,1,xjjCXzyk2SPNhaquJh7rOg
DA:2,1,CbaU/TJ84QH5av4CQIv3kw
DA:3,1,7Z9Lj4ed27Wf2hBX6jooEA
DA:4,1,9ib9jXLYq8Jpa8IR4GQL4A
DA:6,1,7HpIEQVf5K0efdTzo05mJg
DA:7,1,PJI8/uhfYStUhKtgJWP4eA
DA:9,1,GLm05nPTbAQrzrio+kYWQg
DA:12,1,r9k+pvWn2Xv6NUoYoQxmlw
DA:13,1,bcVg+/Ucpf80qODwraMaow
DA:15,1,RB3tD1UgEutk7JniuHBMSQ
DA:16,1,sAILyuWTkQKCjMaBJd1Leg
DA:17,1,U37S3gPzR4aS1XqnPPyc9A
DA:18,1,9TLChoROr+ghVehpT4AV6w
DA:21,1,CT9XrugR0VmgtyLiirko8A
DA:22,1,W1vzqS5yEbTtOfddYP2dfg
DA:23,1,Lz9+8NYTHm6TERLh3AtChw
DA:24,1,5jtHEUJoq4uqH11We8Bupg
DA:25,1,isLmqiyX6bd4S1ntvDsPvg
DA:26,1,XvVrt0vAbK2ykRf7FnnJyw
DA:27,1,4YXbhQnbz3I+BOpILkYBIQ
DA:28,1,fsWbzSgjDbZXDykN7inXjQ
DA:29,1,8GpoyDcRMpflIpTRBNEO1Q
DA:30,1,PfQ7sm0M30jrIo7+GkRwmA
DA:32,1,V2I2KVS8DxsoxhJsj6c+7w
DA:33,1,k0Td1ZWOg3VvuXVu2N9VgA
DA:35,1,Mlv9+R9n99hrMAnMZIHKwg
DA:36,1,H5GQrRTHV62mi+jgvvCdNw
DA:37,1,QT5tt9+cBv1J6ykoZfRmgA
DA:38,1,deWxVG47/h58upyakqt07g
DA:40,1,HmADa1g/W1C2Vo9Wm4sNNA
DA:41,1,ElYNpgWIPbJLu7pL7srJmw
DA:42,1,YYoRsj/9LMM7TEqXzB5rgA
DA:43,1,/HzF7r5MZmmr65ICzLi1sQ
DA:45,1,HmADa1g/W1C2Vo9Wm4sNNA
DA:46,1,G0PZQRxxBT7aeLSIbCFWmw
DA:49,1,HmADa1g/W1C2Vo9Wm4sNNA
DA:50,1,cD0VFi1fr7hJdkW8b8Ul2Q
DA:53,1,HmADa1g/W1C2Vo9Wm4sNNA
DA:54,1,P3Boy55hWoSyUuwKUmOiAA
DA:57,1,HmADa1g/W1C2Vo9Wm4sNNA
DA:58,1,vB/af6bf4u+JEX93j39boA
DA:61,1,HmADa1g/W1C2Vo9Wm4sNNA
DA:62,1,qfqd/oDlgAk8K+k4JqWHvA
DA:65,1,HmADa1g/W1C2Vo9Wm4sNNA
DA:66,1,Og4uZ1Mdd6ECMCXTgoBp0w
DA:69,1,QT0HTa4eZJFkuvjuCOkYJQ
DA:71,1,Loz2EUv0QjIuYGx+9d85ig
DA:74,1,6a0cm4Y1lMs+myg8+MNecw
DA:83,1,9sQ4xDTj0qrKSb3b+mbang
DA:84,1,lTcV12N6GHlXm9+mxdTppQ
DA:86,1,TUqD79wRkmE/4mfTiWvXqQ
DA:87,1,c+dOcE3pXpaRsXPrnirIOA
DA:88,1,/UtT2S3OexNpLc5NurY5Zw
DA:89,1,vnmAHdhu8SCY1x64S8QmBg
DA:91,1,B+vHOkEj1Ho8XVl7amCyzw
DA:92,1,6f5kI1Wk7l3qoB2C58WCjQ
DA:94,1,/74eoZIcTHR3Li1uUT1/0A
DA:96,1,OWSiZTtiJiJb6KalzTlxJg
DA:98,1,ISdrjDZ7VppAI+kJAr6RpQ
DA:99,1,9vGej8DOeVOXwralFmvJUQ
DA:100,1,4tc/PCnQXHLuIGqdqE+Zzw
DA:101,1,kK0e2ZC4JKj+HcYfouyqkg
DA:102,1,s9uMeH24UDatIiO41kz0Sw
DA:103,1,yeqdmsZ5d6vjodNrRhZMxA
DA:104,1,7rUuybmkLQaW3aQJ3FkMAg
DA:105,1,sruEonlCbJtw+05HwBqMSA
DA:106,1,XeXwRp79RD130q50zA9XIg
DA:109,1,CT9XrugR0VmgtyLiirko8A
DA:110,1,00pzgdfV01gs455WJSPCpQ
DA:111,1,isLmqiyX6bd4S1ntvDsPvg
DA:112,1,4YXbhQnbz3I+BOpILkYBIQ
DA:114,1,ovL+DZA8iIU6vgaCvI/v5w
DA:115,1,PlmYvx4qF+0x8YtY4wJ30Q
DA:117,1,mHdZKLuZrY3JDPOeQHLV4Q
DA:118,1,Iz4zNMwqf8FaHRSHoaxofQ
DA:120,1,HmADa1g/W1C2Vo9Wm4sNNA
DA:121,1,Y72IaqFUE006Zjcl3piMkA
DA:122,1,G03nvddljDd9xv1S2NtjVA
DA:124,1,HmADa1g/W1C2Vo9Wm4sNNA
DA:125,1,BjXQrRrJTdYkKNvX6Y1ulw
DA:126,1,1rRntxl1/PJx4T8yXyGR3g
DA:128,1,HmADa1g/W1C2Vo9Wm4sNNA
DA:129,1,Pxz625R+IrQi0zQrple0+w
DA:130,1,aJWkzeFbILzfvylVTXhT7A
DA:132,1,HmADa1g/W1C2Vo9Wm4sNNA
DA:133,1,HEivjytmvZBjs1OJu7FOHQ
DA:134,1,T2t7+jDs5aNG5TkqVMZjhg
DA:136,1,sIdMboY5mYgTr8aEoQ7JnQ
DA:137,1,Fcie9lgRH2fn6JusRavdnw
DA:138,1,fdJhyTzn1NaPrvSxqqkS7g
DA:140,1,BJMZJn5hiO3vLPnyKwvdNg
DA:142,1,E+laim8afaW0XxwilwhG/w
DA:144,1,g+5Hc22zgew74Um7/Rnp8A
DA:152,1,qwhSJ5Qi9RAhyvvhCAFmew
DA:155,1,8OOh+Oz2LliwBtTf/QG5kQ
DA:156,1,Dwjd91USmMoWKfkSCVg/jg
DA:158,1,m+HBY8i7MOWvK1U8iU9CPA
DA:159,1,HVyrBJ61ni9ux6MdUIeaUA
DA:163,1,XLcybsLcMPOmcFEL/9hNLQ
DA:166,1,owCGji6932IdwG7Elvg2aA
DA:168,1,ZW+LWVAy6GuRubg4UJdrIg
DA:169,1,wDSzVN9udya3yrtP8MVRgQ
DA:170,1,DJc0Pxx1QL2xxhbTwGmVnQ
DA:172,1,9RE2nMAuzFrhjSm65oobFg
DA:173,1,N8+A1SVRwr5EX2+VEiNRag
DA:174,1,jc7VSyJl4u4SZ0jKPDDyhA
DA:175,1,PJ6S3wQt1rp81S763MNqeA
DA:176,1,Eui0dt4YB8cFuIgnNNdqjg
DA:179,1,KCb5Ig3gp50A8r4Ziszsqg
DA:181,1,ZW+LWVAy6GuRubg4UJdrIg
DA:182,1,+1KXbaUFl/UtjU/mFsKFDw
DA:185,1,6rEKjmUrepFAjULgvjTPnw
DA:189,1,vasxXnDJdN6Bhpq6Zc+40Q
DA:190,1,dbdilozC2jYogwSy5kwaQA
DA:191,1,BxG+3mV/QAANAz8sQPHXyQ
DA:194,1,LzI3w+WeUZInaGqgcNTJkA
DA:197,1,U/Xayvr9+hPVVoMkPwWpFw
DA:199,1,ZW+LWVAy6GuRubg4UJdrIg
DA:201,1,ToUhdRPy8Y7BufgMXElpcg
DA:202,1,jOxKtXGq3NGdWV6deZQrxQ
DA:204,1,dbdilozC2jYogwSy5kwaQA
DA:205,1,md4noNqy308SJG/pnfB6sg
DA:206,1,Fnsp+tSUb7UXpCbxuDGwww
DA:207,1,h6GyHJQOItrtXy68uuTcRA
DA:208,1,acKduaP6LWfHpn4brLLjAQ
DA:211,1,5XM4k/4Nly3fDeUA2p/ArA
DA:215,1,8I1Gwghzd+EzImiQuiB5ww
DA:216,1,E+hR8oz5gTmiT3ByTEJ4oA
DA:217,1,CgJOM1MclpxffF8UIv6bcA
DA:218,1,/l0C4/9yi/h5U3qS2E5iSQ
DA:219,1,zlTyklK1vFxyayh9vvft8A
DA:220,1,v7fQhApCe7iMx8aRI24YXg
DA:221,1,sOvtOfk75TbAtTgkgicGHg
DA:223,1,ZBXLfaza/4iv/5kKXzPM5Q
DA:224,1,E2JxWV1DM8txQcCd8XJQsw
DA:225,1,NuLw8cEhak/+LWr65DzE4A
DA:226,1,6J2yKrB1J5HW872uWj4pEg
DA:227,1,gGl2QWQOTBr5/bDWNHiGrg
DA:228,1,sOvtOfk75TbAtTgkgicGHg
DA:230,1,TAgTtp7ftza4xTkZXcE3hQ
DA:233,1,0ToGFYVxeWP+EJUG9zsSbw
DA:234,1,nKYS/p6/0VTZOD4XRO+wsQ
DA:236,1,j/nB6m2A2pF3U/YjLm3D0A
DA:238,1,ZOZLfP9tz20J/dT5AvMoqw
DA:239,1,rishpsjWCx1FItDD53kIMg
DA:240,1,s7aRZ+28M8btK3fLOf6Svw
DA:241,1,W58rLkPhzfBLiXb4ZEyiWw
DA:243,1,i2mxVcYlgJrWci6hxHFCxA
DA:34,0,MnzpXe1veqpfA7nIMRo0OA
DA:47,0,Rwtnh2GV5v9KU4DFJ2VIog
DA:51,0,T2t7+jDs5aNG5TkqVMZjhg
DA:55,0,Abhg5lDTq3nMBfqXpjGwjw
DA:59,0,gPIueD55GCrlw3FgdHalyA
DA:63,0,16MSEPrpG7im8VfixeARKw
DA:67,0,brucvveJww32M8wuqjmdVw
DA:72,0,kaT4ZaK/VbGr0CD2NcK0VA
DA:186,0,B4Y0ZRf47PmhbKO2l8YVUw
DA:187,0,xembfpgi908zwh0+JYM0Dw
LF:158
LH:148
end_of_record
TN:
SF:/Users/gavin/repos/EnsemblLite/.nox/test-3-11/lib/python3.11/site-packages/ensembl_lite/_db_base.py
DA:1,1,Sw6kgMhv7Tehp3mWh2kRCw
DA:2,1,o7XN3CMj67n397EmDP0M3w
DA:3,1,o5/LCdSH/UhWUAqxj+6fWA
DA:5,1,z0M55drSbFe78y+pxCfU9g
DA:7,1,Cq4HMtxQAAFY/3oUMLhOxA
DA:10,1,QpcG2tYpz7K4nTuaiHRrNw
DA:11,1,p+JiA1yz82UzTG1BKYHC8A
DA:12,1,zaE/0rVZoR9PUukn+/zNeg
DA:14,1,JahP3gU4FrUnhfgbS949eA
DA:17,1,NzztdHLjt1KPtzVl732Tsg
DA:19,1,g1EORULcpJxxd5otvssqFg
DA:20,1,R7CNVAMeBtH0PBS0xJ+9tw
DA:23,1,xCx3HtijNStQIlvw2HxTVQ
DA:24,1,jQWsPVBpdQ131Rd+On4rNQ
DA:27,1,UZwN7pWb9cK0s8eK5tfcDg
DA:28,1,7ODwJNv9SRpHyZoe4dcsLA
DA:29,1,Mx8Qt1kp4Xy4dMgWu+VMXw
DA:30,1,W0k7imwJnwOkRV3TM3adnQ
DA:31,1,43Ymf2Nt039lrTecP2OITA
DA:32,1,BJBlZsSWstphiTlZImt1kA
DA:39,1,xZVsOINy6BpunQehlxwl7w
DA:40,1,KEznkBCei5Gtn6WHkuAfMg
DA:43,1,R68AuQPvyjSKohkZOCFQ7w
DA:60,1,ixwEHV1E/OfgUqr5Nm4OVg
DA:61,1,PRZkAIUdWnwoRqKww8TQ3w
DA:64,1,y55Ao/eo1YTS3MfkFTxP1g
DA:65,1,kp4GaK9BDORKYY+CDl94rQ
DA:66,1,HAV/k5OBPtRDRnHZfQGzcQ
DA:67,1,8xVJOtmlEST0T6mqiDp8VA
DA:69,1,jo87YKxxr28lf1fWaetY+g
DA:70,1,WxwgyfU+ktwsyWSxAvuC5g
DA:71,1,l61aRP1779TlBdKBLCqVrQ
DA:72,1,K0XhomfLZWoD/x4Hs7eCVQ
DA:73,1,RQ+Pl364Y+9txTyeM3laQg
DA:74,1,mtPTLa4v5aiuxIp2cgALSQ
DA:75,1,umU9XAk0jWlFKQgT2aDHyQ
DA:76,1,8tZeHIg5M+wMDTfcUO+fNA
DA:77,1,L1mqGu7hZ2SAWP+QzB5sgA
DA:79,1,YiNx9ZykRVSOQYtP3/QHtg
DA:80,1,lIMlAe0DmjImjdgFnwsnIQ
DA:82,1,87UauOeEOx/N/XPmH5Rs4Q
DA:84,1,v75ojBjuvl77sCWXr11Xzw
DA:85,1,9m4NTo3pnn8/nvuJAQ03qw
DA:87,1,leWPu3a92U46XgI3/MVg5A
DA:88,1,NIbpFGsE0zmAX0dAsqkqbg
DA:89,1,V+UZTQ5hymk1WxERw3NTWA
DA:90,1,/SHZzQ4HrwbOhwjU7uPBEA
DA:95,1,ArIAl1qr/jjMCVFxQoou2A
DA:97,1,NhwiEFYxgSItKkKpG1x/GA
DA:98,1,15nb1T6TMVDegWqjmEaHOw
DA:100,1,X115G4CwmLkek13LoY9EUg
DA:103,1,SJLZmzP6cifDvxsf5NaLGA
DA:105,1,GsyiiS6z4+hP80UNx0QJPw
DA:110,1,RQRrBO9UEhY1rEg+IYc8uw
DA:114,1,v3CQm+ZMoCQKSUwI6d46tg
DA:115,1,hG+MrmrQMf44lMGsxZMYxw
DA:116,1,61R5LSDj6+1Vy0rayc5s2w
DA:117,1,OyaHL/fTovhNCPxnIAlRXQ
DA:118,1,9jMyq7muwOlz3ckfLRHqIw
DA:119,1,eNRjf6dG04hukmskRVukMA
DA:121,1,HmADa1g/W1C2Vo9Wm4sNNA
DA:122,1,5ZfYbVlx9moxWUFTg08v2A
DA:123,1,z52nt+AOQkBp1zAFrNhQIQ
DA:131,1,+XMByprXsVcDZeaVm3csfw
DA:133,1,ev9ur7RslMUSdCpDAGe0eQ
DA:134,1,6FeXawTIhiq7pK5XgLGnHQ
DA:136,1,A0ZmBBqbJXtvMtyaHjMe1A
DA:137,1,PaleiORXsuSBdyHYyHgimg
DA:138,1,WwJWrJQJKQ7LfPE35yIEdA
DA:140,1,V2/Njl1MEzv2rGv4wxHzMg
DA:141,1,RsQmlMsSp6/L8I14TeMhsg
DA:142,1,69U4pHFRd9eeAwGikvHqWg
DA:144,1,BqX2JNUJ8Wauai/ghs9dMQ
DA:145,1,LM3cpCh/askxvpAEhr+rfg
DA:146,1,/VhdoXJCXsTkpy0e7bjXGQ
DA:148,1,4u5vsBY/uoFxGi7PQS1bFQ
DA:149,1,xfmVb2EZSCEymDjxuR1QhQ
DA:150,1,1NtL8u0LXU14hi5OKg3cxQ
DA:101,0,UrPReCCDQPZQNpHKVqXU5w
DA:124,0,nyXy+PzXuZtr7TgXJVizgA
DA:129,0,/1jxrVBr+YeUWlsNXnV2vQ
LF:80
LH:77
end_of_record
TN:
SF:/Users/gavin/repos/EnsemblLite/.nox/test-3-11/lib/python3.11/site-packages/ensembl_lite/_genomedb.py
DA:1,1,zVIrvo60kTiMN8IFGNmBDQ
DA:3,1,NliK4oZCahxvQQx1DqKQCw
DA:5,1,xr1q7bA7BPOzmGl7Lpfbjg
DA:6,1,bpdQiR0sYwUYGZqWgEklkQ
DA:7,1,Tkj+1dsA3WSNSQZjbRIqPw
DA:8,1,hI2neGDCoSafKuQrjCreNg
DA:9,1,ffd3y9LlxKBu5g7q5y6oxQ
DA:10,1,cX6L/6EsyXBlqFssHNK10w
DA:12,1,eRcpyVxGPP/w8cdHO4WXnA
DA:13,1,VKpfYrERVTk/9tZwZ77Fow
DA:14,1,CapIZMp+zivOt9BueWHQ1A
DA:15,1,sPfr6wp0ve8sXEFr/n1v+A
DA:18,1,+7+da08ClN6HkizfIv8zjQ
DA:19,1,Nei6GE6nsn9nUL8Z/fC6rQ
DA:22,1,N6QQZjMz0n/gI8ilDUO2Ng
DA:23,1,boWyaCb6Ft4zOu8Vfhg3ZA
DA:26,1,SQfa8Pc8gkOjwUVRPJtE0w
DA:27,1,iNTpdv97Ho30TPpIKJ4rQw
DA:28,1,8eebT+IwWCsirxSzFrXCFw
DA:30,1,xgYx168W0YtNXW3NU/lajw
DA:31,1,b+9+H5K7xbyZMSHuamrSGg
DA:32,1,MC6q7KXUBQHPQGwydIVe2g
DA:34,1,vEIWPWH/ra0vjD8X7X9xcQ
DA:35,1,LM3cpCh/askxvpAEhr+rfg
DA:37,1,ovL+DZA8iIU6vgaCvI/v5w
DA:38,1,PlmYvx4qF+0x8YtY4wJ30Q
DA:40,1,6CrAYWl8FOjy97IHfWTaBw
DA:45,1,/J1vYs98WvRRTJZWLVknRA
DA:46,1,SELAdIMOkpnO/sQEaOB/Eg
DA:47,1,3ZH9SA/SAOJS0++77lWFdg
DA:48,1,LM3cpCh/askxvpAEhr+rfg
DA:50,1,tRZ1lX75JosbbJ/W7yd73w
DA:66,1,O0QmIDvHio6qn/TF3IMXow
DA:67,1,Wi+pC0Rst53QEG3RH7GXjQ
DA:69,1,+beeXMUy2Ww0dPdtcLeMIg
DA:71,1,ptvdzQa+XwXx1w7iyfFy5g
DA:72,1,dxU/RN88sw8IA9zOemsadw
DA:75,1,ly+A1PYQRSfij5orLqXIOA
DA:77,1,q0TnzMf+vnoMPeBbVxO9Xw
DA:78,1,MzNiEblRX/sFkYbCsXTkVQ
DA:79,1,eLeE2WjZ/tN4ZwyMqi/70g
DA:81,1,kx8xZqWdIj71ua7CUZwSRQ
DA:84,1,xEBeqMpKXu39iaRcrbmogQ
DA:85,1,boWyaCb6Ft4zOu8Vfhg3ZA
DA:88,1,WS0iGO8iJjUwgshdwSJGjQ
DA:90,1,ovL+DZA8iIU6vgaCvI/v5w
DA:91,1,PlmYvx4qF+0x8YtY4wJ30Q
DA:93,1,6CrAYWl8FOjy97IHfWTaBw
DA:98,1,/J1vYs98WvRRTJZWLVknRA
DA:99,1,C5Zr69YVjeYaKz+uwX52yQ
DA:103,1,hESissaMnALzWk/JxNlmyg
DA:106,1,SELAdIMOkpnO/sQEaOB/Eg
DA:108,1,3ZH9SA/SAOJS0++77lWFdg
DA:109,1,LM3cpCh/askxvpAEhr+rfg
DA:111,1,tRZ1lX75JosbbJ/W7yd73w
DA:127,1,HDwVmIeHOyKsAhi2gcRAPw
DA:129,1,YrIVX02iLHt6SX4oz8Z8iQ
DA:130,1,4xbDLWZjhaZrihauz9+Pfw
DA:137,1,HFFoRgLb5M7kKLL2r7ahcQ
DA:138,1,boWyaCb6Ft4zOu8Vfhg3ZA
DA:141,1,4LgMgWBGno1n5MNJ8WRFsQ
DA:148,1,fbWuhLl1hL7hG8cETtpAUw
DA:149,1,uoEgXyqPR4nSI+JiTUhs8Q
DA:150,1,8U6qOnncJ14xl/nNRlCvuw
DA:152,1,tRZ1lX75JosbbJ/W7yd73w
DA:180,1,qPSFaBkgBDfxpjCErsXINQ
DA:181,1,F0zd6OBKmRNY2GdJpUSgZA
DA:182,1,xA2l5DPQI8KKG0Nk/WZy5g
DA:184,1,u8NoTIKl7Z/LU3bNbt85iQ
DA:187,1,WV+AgiYG6eSzT6GnTRNGfQ
DA:188,1,eGpCrZAC7ELHu3uZ/jt9FQ
DA:189,1,AIjAoOtRpazusTmMb/IrTA
DA:190,1,3MqGLousfio9Xa20hI59RQ
DA:191,1,VYD4RJ9bmt+ZjDL9+z4N5w
DA:194,1,Bd/9CmtxHappBn7yRZkG/w
DA:196,1,b2tyUOYGrqUg0TKOMau+og
DA:206,1,+gprnifw+ymwXoUapRzyig
DA:207,1,9V1OLtb0Hat05LmDWS3duA
DA:208,1,/w8y4CCB7Kqy6FYswKNBLA
DA:210,1,zE9KepxAykP160tN3ZHsdw
DA:213,1,JGeTPSvG7oFQ5g+VAfKTxg
DA:214,1,xvWIcpcyNr0gyGcTkdMxXw
DA:215,1,H1JfLiFN+jTQggiTg6Hegw
DA:220,1,QvUEaer1e3+fWheMjWf6Dg
DA:221,1,pH3irSGGYPKcyEAMoLpKpQ
DA:223,1,BqX2JNUJ8Wauai/ghs9dMQ
DA:224,1,4lrnbNFdBlloqpLGG2fRjA
DA:225,1,zGpJghVW7O43ZQaAZWVM5Q
DA:228,1,uCO6/a7GxHuP6F5jVGm5Dw
DA:230,1,qzioJei7dmUxwLoDaScmwA
DA:231,1,PBlRhv+9FLRqOnQsMrpybw
DA:232,1,hEiNn+CxDlCd5fzNKbq+DQ
DA:233,1,h3QmiRgszcYYR8Q7mGkTZw
DA:234,1,phpOuynNkdiVBck/yXXU6w
DA:237,1,T8er4x2XvVDhMnKXfdpYsQ
DA:244,1,DY8HMDmKnEeZpVjVy2nriA
DA:246,1,JKqQGOKl6ZTdWWLhRGm2ng
DA:247,1,NQKWXLM4A1vcF66BKRyUlw
DA:248,1,Xzv6Eh0GszmIIxc+a5rASA
DA:249,1,T1ynAb/U955eHN8KNWQspQ
DA:252,1,QkpiqHye6PJp8LWs29XOig
DA:253,1,/YzgpOmwS2tnwrM5UFW9Pw
DA:254,1,wrDnRAbQIWt7FgYz7wW8jQ
DA:257,1,s01jcJfB2WDVq1auzLETtA
DA:258,1,c0sWO74fm9kbAU/nxmOn/A
DA:259,1,3dUcXTvpkC2xcu5gkdNFcg
DA:260,1,vQN6geKb6eVCTOap2danjg
DA:262,1,CLZVh/+9Xbp3DmsWxtVufg
DA:263,1,msfLhaPpaqseTjrIE6sgtA
DA:264,1,pUYA9ivqBJyMcCVLiz328g
DA:267,1,ZXGbUA2HMjR7bqGIFhWpUw
DA:268,1,QlzkETwKk+dgFXERZXtkxg
DA:270,1,Fzw/mGY6L26gbewvgBHyCQ
DA:271,1,KbMDoNfC9qO893N9nti2dg
DA:274,1,Mp8fJR3Hgn0N3mQpMYrk4A
DA:275,1,yGLhVz8fJSKMbgoG7PSh2g
DA:289,1,wd3tFcuoyZgm+KLoUGhpJQ
DA:305,1,BX4K8HeowfzdBECuQWrinQ
DA:320,1,8CJvxFXF3CW8L6UbZrvjTQ
DA:322,1,bfP24aHG5aWzCk3Pj7iPCw
DA:334,1,qpByxF5IdXYOuTcPwrH63w
DA:335,1,7QcFPWQSm9j8TEMmRRVCkQ
DA:336,1,9vVdbkHPAWnC7BNkkUAyFw
DA:337,1,QBpXuZ5zvCcmWVCQowPdfg
DA:340,1,tRED3ddoTPEtxfvs5g/GFA
DA:343,1,38rFEk30elbstZ+q1wFvHg
DA:356,1,YBuIDM8NQ2WwARXVmyhynQ
DA:359,1,8CJvxFXF3CW8L6UbZrvjTQ
DA:360,1,RmaShqxKxTDJUoFsWOsFow
DA:361,1,B/Fo9U4/nMeRNS1JjGZVyQ
DA:362,1,B2rAoB0kxcmdS3ppU6q/ww
DA:363,1,zXAfORIKxReF1HcBtup/aQ
DA:364,1,t+PDMtehR5hccZPuFhs+8A
DA:366,1,DYqXRx8yAucmxBHfDeekOA
DA:41,0,SELAdIMOkpnO/sQEaOB/Eg
DA:42,0,ylifpk5eK3HLAy3UVjkASg
DA:43,0,LM3cpCh/askxvpAEhr+rfg
DA:94,0,SELAdIMOkpnO/sQEaOB/Eg
DA:95,0,vDbkCxOeB4XoCEiWG7I9/Q
DA:96,0,LM3cpCh/askxvpAEhr+rfg
DA:216,0,nyxk/0QJBXTOmwxtmA1WSA
DA:217,0,J3i1XdFqDBVV/GwV7nBwfg
DA:218,0,7hSMyP7AUMvHezrFsxnQoA
DA:250,0,sOvtOfk75TbAtTgkgicGHg
DA:255,0,sOvtOfk75TbAtTgkgicGHg
DA:284,0,4BaN9j74pqCZ7D7fbjEzRw
DA:285,0,Wx2Y3t/itWL9UiXzdPvFHg
DA:286,0,MacMVsC5NlJJ+w4Nq2QdZQ
DA:293,0,xYefH8I0AwyMKdoshRWRpw
DA:294,0,6rEKjmUrepFAjULgvjTPnw
DA:295,0,Pzkc5oogc8gOXQzsDkVeYw
DA:296,0,xembfpgi908zwh0+JYM0Dw
DA:298,0,ZGmvX8hEVE4AmSUb8kv4uA
DA:299,0,6rEKjmUrepFAjULgvjTPnw
DA:300,0,7ecRNm+rsDFDG85aK5b9Sg
DA:301,0,xembfpgi908zwh0+JYM0Dw
DA:302,0,cJ3kW7n6muepUXa/imotig
DA:338,0,7a6iEiO6Zzu8yfez5LxOyQ
LF:155
LH:131
end_of_record
TN:
SF:/Users/gavin/repos/EnsemblLite/.nox/test-3-11/lib/python3.11/site-packages/ensembl_lite/_homologydb.py
DA:1,1,ydCxunymauVRdfWlNGpIBA
DA:3,1,Sw6kgMhv7Tehp3mWh2kRCw
DA:4,1,zVIrvo60kTiMN8IFGNmBDQ
DA:6,1,84O3fECSP736vw9GBYBndg
DA:8,1,eRcpyVxGPP/w8cdHO4WXnA
DA:9,1,VKpfYrERVTk/9tZwZ77Fow
DA:12,1,PiUwEReXiZciU01mxsZXEA
DA:15,1,gVLtu971U0ZN4ckNpCsapQ
DA:16,1,7moHH8v6/Ss7NuP1xJpaTg
DA:17,1,qTFFT9ueds3bzi+SeBaT3Q
DA:18,1,LihU1UJZlak047GCnGmwZw
DA:19,1,cueomwnvjxyGducViE0paA
DA:20,1,wQfekSUiMSQn2In2bLMJzQ
DA:21,1,iC/KOhs1nKnnPp5XteJXYQ
DA:22,1,J+EAtwrFDiaqxjiPjSia6g
DA:23,1,kXzHN23f8pcSjf37YV+xNg
DA:24,1,TXECidOsAHHEiriHLovGSQ
DA:26,1,GnyHI8+jJVRvaKvyhnUROQ
DA:27,1,95O5IeR0teHuMchdjihW9Q
DA:29,1,NMSYDxWnmeINxGfvb+eQ3A
DA:33,1,/DG7VlZ7+zf/IQSAcz68Lw
DA:54,1,LWBO7LRiNVboOTy0Yy7jRg
DA:55,1,OxYmX2pX1/74vqSo1gU05w
DA:56,1,EfljCkqcTRKrXMv0Cfiuww
DA:60,1,vrtKgDiAi7Gf2elsK1LQtw
DA:61,1,evOVaNd5eYKQLfbFqktPJg
DA:62,1,rCHcOtPZ13fQzNJ2+NO5eg
DA:63,1,DY7x8Phhl9sFI+rUDxJ9Fw
DA:65,1,s5I7eQcXhSZ8v1Hx6yTbMQ
DA:66,1,Ej0hQg/kjBWWQZ03BnZMxA
DA:67,1,gsFI0nZjRUWP9YZnTCcf8w
DA:68,1,F22PNZjn21FUJWet2JhlzQ
DA:72,1,NkY/XFnrgQ8N/CLdlANzMQ
DA:73,1,HyS1jjqq9zS2shwYZN0DEQ
DA:75,1,2n8caHMSsQnMt47v0fFcWw
DA:86,1,VVNJ1Nxbuv7Pah06arRCfQ
DA:87,1,b+9+H5K7xbyZMSHuamrSGg
DA:88,1,MC6q7KXUBQHPQGwydIVe2g
DA:90,1,eOfVcWzSLifrUMZSzuQVsw
DA:97,1,t7YfIj0LK6PtLPcij31d5w
DA:98,1,ElzmO/ZRhzfanRyj3XwipQ
DA:99,1,cuPkHCsMPt7IXjNa9iohqQ
DA:100,1,LM3cpCh/askxvpAEhr+rfg
DA:102,1,aSqGxxwigIFwuNySgNdsOw
DA:106,1,FjazN7lTr/Qluk3SFpElKw
DA:110,1,K4SSGgJtRI5ISCmHbo9h6w
DA:111,1,u8yDGMpCeqtwAI0Eu0TV5g
DA:114,1,JxVoYdguKH8pi4JfruANPQ
DA:115,1,yCY4YBfJbnaerd2ZmC7aag
DA:116,1,yhA+oIDEJwldS0dOqlzjGQ
DA:117,1,NkT6vC6LCL9VPP4bH3RW+A
DA:118,1,cPa3dAsIk+eSRfSpgwNsyg
DA:120,1,nnQMLdgLMURQGXPRjWpGog
DA:125,1,jP3mJOpt2GGSdX0sG2X3PQ
DA:126,1,X1yR/f77a2wYrip3qWXYBA
DA:130,1,RL3tsK/P+wu4OiUGT8bVbA
DA:133,1,7UzmufaTCSeOa24/6WzU7g
DA:140,1,QpcG2tYpz7K4nTuaiHRrNw
DA:141,1,5OEorkJCJ3yqtbYa2MvUzA
DA:142,1,8RfMKnD+HkNe9atbr+RlnA
DA:144,1,Dnuae3MZhwVX4armsZjxuA
DA:145,1,r+Rb2HMA2XrAwBxe3CQqEw
DA:147,1,ovL+DZA8iIU6vgaCvI/v5w
DA:150,1,mHdZKLuZrY3JDPOeQHLV4Q
DA:151,1,zIDxL5SYVd941foL6BCbyQ
DA:154,1,Mv5ZbRu5A8H1ktF7h7bPHg
DA:156,1,zLyZgW3CLsTNKxdO1bmzHg
DA:157,1,cJTpqoUe7gx++T0hCN1blw
DA:158,1,beXT7bYBjYxAz5+9A4pjSw
DA:159,1,PV4M4nIHAeh1iR8z5+y51A
DA:160,1,Fvmgk94SF7+VEd5H5kC+Zg
DA:161,1,4hZVkLcbeKj4Mq28QkPPfw
DA:162,1,2gr+WDs35EMCmrvRXUk4+A
DA:163,1,f3pmiLaRSoCsgiYsCgZj1g
DA:164,1,OoQJFnG7gHS3FhkgxoQUyw
DA:30,0,e1p2UIcry3Zv++5sc/GmQQ
DA:137,0,iv1TIwGlx0RbtqzU0svgAw
DA:148,0,gG78xEQ8CuYwq4Yh8P8igA
LF:77
LH:74
end_of_record
TN:
SF:/Users/gavin/repos/EnsemblLite/.nox/test-3-11/lib/python3.11/site-packages/ensembl_lite/_site_map.py
DA:1,1,zVIrvo60kTiMN8IFGNmBDQ
DA:3,1,0tRnYWT7fnP6+iJzpYJFFA
DA:4,1,7HpIEQVf5K0efdTzo05mJg
DA:5,1,jhcU+wTfS6N4e0NPJq9wgg
DA:7,1,NHJgLD17zxt8JoevbqEoew
DA:10,1,IvjzN7LlZVRg76qqx+Ceew
DA:13,1,pN6LHm+3fZILoAkPZvUShQ
DA:14,1,/ZvqiDY7XVzMiSFdpC6ZCg
DA:24,1,Nh1twzkYHNU3VY9qJd9Ckg
DA:25,1,2buJscUTYQTKfx1OZBD7OA
DA:28,1,nV3bsqYe6Dp3JQRlFUmK0w
DA:29,1,F8jEnslVa9Z57VNh0xm1FA
DA:32,1,I4Uej840plwr7ciJyvDTQA
DA:36,1,HDSKM9JlLilYkT43CfezNg
DA:38,1,0HgLStr2g5+K07xBrnlb1g
DA:40,1,B4NaMJzDIS50tGQ8aPGRxA
DA:41,1,z/xu0biDWVrFxQI/rvCfwg
DA:44,1,TE36YJYgVPqM40K32GGhYA
DA:47,1,4vWhfC8ewnf6tHow2LpreA
DA:48,1,XoVUOkRyu3PGO4dLV1agZw
DA:49,1,MsZb4Cta81UDsv/PUaubjg
DA:53,1,XoVUOkRyu3PGO4dLV1agZw
DA:54,1,HIZeSlA5uMkyVy3683/0Tw
DA:57,1,HmADa1g/W1C2Vo9Wm4sNNA
DA:58,1,QE6STXr90khijf2TSoCEhg
DA:61,1,HmADa1g/W1C2Vo9Wm4sNNA
DA:62,1,fG1J8/PYlo1uEq0qwxE7QA
DA:65,1,HmADa1g/W1C2Vo9Wm4sNNA
DA:66,1,+GXfBL72qkTaW0JRbcSOKg
DA:67,1,O/kw4mbx+dzYBBu8lZNKpw
DA:70,1,u05yjRWAkH+gCp+qnLKbwA
DA:71,1,KxkwJRkLaQwoukA06PmNNg
DA:72,1,tSkF2y2T6h05px8q8AMBGg
DA:74,1,Efd03FhIm/1ntnbQ4khgZA
DA:75,1,Y/alJtohn1G3AmEuSrpmMg
DA:76,1,QqvvD70YXn0R7GRUV4cewg
DA:77,1,Xw5sHanQWSv8J9U5G69HsQ
DA:78,1,YX9/A6E/9BDs5Uz1Xy1Psg
DA:79,1,OSZ+SgKVIq6njPULQ1guIw
DA:82,1,l4KYMM484j6LSNfhJvVvag
DA:83,1,uGUl/8ln5/u2N7ovgzVIXQ
DA:84,1,+tMrvIJikSP8cCRZKFh5Zg
DA:86,1,MsZb4Cta81UDsv/PUaubjg
DA:88,1,33rzo/muNWCjZLnmxX9alA
DA:90,1,HIZeSlA5uMkyVy3683/0Tw
DA:91,1,TPldfME2bhlvAYo4H60ZXA
DA:94,1,40DMxC+VjDIACPcfN/JBJg
DA:95,1,I70b0ETmiG/6NVWO89goGA
DA:96,1,YU4SWqGqwSQa0xfA1pVZsQ
DA:98,1,JZ7dLlxyYSlLZ/FVj41pzQ
DA:117,1,mcIvAtpizKIHnu5EVEjZhA
DA:118,1,Vhpb499CsNEbwA2dVF6R/g
DA:120,1,Xn1uXsr7WHAeCilTG6hSoA
DA:26,0,do/z7aRJNiCxzq+JfkWQkg
DA:30,0,7aDVau8B//yt/X4fSgYKcw
DA:51,0,G92+VfUfow0+s71xT4Fn2Q
DA:55,0,G92+VfUfow0+s71xT4Fn2Q
DA:59,0,gV4+uwjEBZLyGoccZtUJJQ
DA:63,0,DD1mxbSAlLsWG3hRZ8EvoQ
LF:57
LH:51
end_of_record
TN:
SF:/Users/gavin/repos/EnsemblLite/.nox/test-3-11/lib/python3.11/site-packages/ensembl_lite/cli.py
DA:1,1,7Z9Lj4ed27Wf2hBX6jooEA
DA:2,1,9ib9jXLYq8Jpa8IR4GQL4A
DA:3,1,dbKXYnHzrSnvURbcSLvVKA
DA:5,1,qLAaloR/f+XZxG5VcyqNzQ
DA:7,1,NliK4oZCahxvQQx1DqKQCw
DA:8,1,evG1mNsx9YUhIdh2P9FQaQ
DA:10,1,84O3fECSP736vw9GBYBndg
DA:11,1,4u+HwWluCTHD8Iw9CLtYNA
DA:13,1,Q42tz7ksILYZtwJAn9hoeg
DA:14,1,/WLBeZFhRckzZ2QzpQcb9g
DA:21,1,Pws9htMD2gAHMKgPrydU0g
DA:28,1,TCm3t24wEmbPiT+vfpL6Ng
DA:29,1,bA+8k8qepGVSeDCot/hnPQ
DA:32,1,K8G6/OdZ/Sr8naOZD5V6cA
DA:45,1,aMh4/bgbH08hPOMZIOQgKw
DA:52,1,VclkXEOEZpx8SVz1Ksrdog
DA:72,1,m/C3KxTlVmpBAV8HSa8rUA
DA:80,1,RziTRghMbDqhIyW4IoxxUg
DA:86,1,E1hFR2PyyzS1NiMegZZKbw
DA:91,1,jDpQhpOd7vI6q1w2y1i7OQ
DA:98,1,4PtTpu/tXl4nmb4zKbUl+A
DA:101,1,4tf2kqAONQzD1heEyNfG5w
DA:104,1,VyevLEYV+sogNBMs3u69lA
DA:109,1,/bbSR87i3x1PdCL3PW3G/g
DA:110,1,YAi8A5bw03tMxMX8EPmRNg
DA:116,1,altA2p0pi93G1xvqSqJnlw
DA:124,1,wm8+2hnOn7YYah8duL6UaA
DA:130,1,SQ8Hn75MFvliiMG+osMlYw
DA:137,1,eQ184S2I7HL4Ne5USf4tpg
DA:143,1,Ed3lgi8jxP6U0plWnqisoQ
DA:149,1,GrbCIszpCDT0nNNQ5cgtbg
DA:155,1,L3510Jm6SsV7O+0IQhX5HQ
DA:156,1,CHZFMvusCSyxqmiBLoqLRg
DA:165,1,4tf2kqAONQzD1heEyNfG5w
DA:173,1,vcWIEci0ptV0srfKg1TY7A
DA:180,1,Of7Q9Sc6Tq+uE+5B42ZdJQ
DA:187,1,TUiJe8U8pzQWgz6OUtZzHA
DA:188,1,EHe8pYLROSQWWwWKhDpscA
DA:189,1,uCBkcWJv9SN/tKnIUnQ78A
DA:190,1,CKoMXMB8Xv5ZC6iTILRdvA
DA:195,1,h0SERIsT/6KsscJqg2BorQ
DA:196,1,d1AT2DwR+OHaO7CY4JmAcQ
DA:197,1,Y7UhMDQ+W+oVtoGZUWSsLA
DA:202,1,PErt94fHWyBiuXVkKYKwXw
DA:204,1,w6VDXhFYF/gkA3B4Ts4uTg
DA:206,1,ANUXWJPIEoA0Hoh2/yyMJg
DA:207,1,+cgAoxdN6mpCho+R9asbfw
DA:208,1,q1WK5IOZuomT2sd18k7EPw
DA:209,1,mq5D1pBHVQ+kXafDCNeYDQ
DA:213,1,g0m3dFJKQQNzqJ2B4Bv84A
DA:216,1,h0SERIsT/6KsscJqg2BorQ
DA:217,1,ifFBZoRxN1IG5hsys+2p0A
DA:218,1,X+O5qMr/+V4m7Piyr0Gu5w
DA:219,1,jGvWFfahHeHOo2FUON//tw
DA:220,1,hvmvr2JX77+Cy+lk1EeFDQ
DA:253,1,h0SERIsT/6KsscJqg2BorQ
DA:254,1,evskmO7XMlzvI58xM618Mw
DA:255,1,tzRfMaB/Rz8rNqU9oSV1QQ
DA:256,1,oKk0wseSV/9xLVKQk2EKMw
DA:257,1,jGvWFfahHeHOo2FUON//tw
DA:258,1,iSYzSXonf1mBrkyxyz26cQ
DA:290,1,h0SERIsT/6KsscJqg2BorQ
DA:291,1,w3v4YvFbYinQfw3aOHXKyA
DA:292,1,4N1JNHI+K6SUHk5P84fhQw
DA:327,1,h0SERIsT/6KsscJqg2BorQ
DA:328,1,w3v4YvFbYinQfw3aOHXKyA
DA:329,1,/aJM+fOza+UJ1YoPGG8svA
DA:330,1,JB1VBLL0gVUOrybb3p+ZFA
DA:350,1,h0SERIsT/6KsscJqg2BorQ
DA:351,1,w3v4YvFbYinQfw3aOHXKyA
DA:352,1,vm3qnoCKa2WuNcfGpzbZhQ
DA:353,1,Fklv0nX0ZcY7iEVF3QZf1A
DA:354,1,uW5m5XkSfxoaBXXsc45dew
DA:355,1,ltIyW3fbd+Gruq67pX/k4A
DA:356,1,JzVJhZxGF/2PXi+EO2orOA
DA:357,1,8H/umXtU3KQtGOQQNtRdpQ
DA:358,1,oKk0wseSV/9xLVKQk2EKMw
DA:359,1,jGvWFfahHeHOo2FUON//tw
DA:360,1,dKCoMO6k4IPRo1PNPImOKA
DA:438,1,h0SERIsT/6KsscJqg2BorQ
DA:439,1,w3v4YvFbYinQfw3aOHXKyA
DA:440,1,jOtWJgjE5nbwSuD8PoxeOQ
DA:441,1,qPJDq8WpiPGDqRt/x5zoAA
DA:448,1,8H/umXtU3KQtGOQQNtRdpQ
DA:449,1,oKk0wseSV/9xLVKQk2EKMw
DA:450,1,jGvWFfahHeHOo2FUON//tw
DA:451,1,1QURh+7oC9M+SY6SAkNJNQ
DA:511,1,h0SERIsT/6KsscJqg2BorQ
DA:512,1,w3v4YvFbYinQfw3aOHXKyA
DA:513,1,/aJM+fOza+UJ1YoPGG8svA
DA:514,1,vm3qnoCKa2WuNcfGpzbZhQ
DA:515,1,8H/umXtU3KQtGOQQNtRdpQ
DA:516,1,iEL14r+iZaEsrd9aaKK4MA
DA:541,1,xQVNdxAJxuGw1z9RcZmDQw
DA:34,0,bf2BmkDtk12GTMbpzTflSA
DA:35,0,Z5R0GP3lKTEXYGcrtufsbg
DA:36,0,OK9BqPPDg6dfVMYLBOqu/w
DA:38,0,5sCF7Hvm+wUqO0xMuUcp6w
DA:39,0,6rEKjmUrepFAjULgvjTPnw
DA:40,0,vcudYawkkCH+r1KnMiWwTQ
DA:41,0,xembfpgi908zwh0+JYM0Dw
DA:42,0,9qzmXFW0yu6lk2vfs0nPMw
DA:46,0,ZVNdLCT2KsS5wYy1r2x3HA
DA:47,0,l6TjtYHqcNyGECUCc2lV5w
DA:49,0,I8jSz2cc8/foCNqZCAlMNw
DA:54,0,JeWe9f5kXw2pVEbigGibbA
DA:55,0,js/T6rAiIH5hszNOnrv3tw
DA:56,0,l6TjtYHqcNyGECUCc2lV5w
DA:58,0,JPdo9fSQ9fY0myCRTEDRfQ
DA:59,0,PZscUEoS/O0LNNchOzTlFA
DA:60,0,xjcDBnSwra0OiNOAYAwoHA
DA:61,0,W+FFzJ1DlOgu8JlF/G8ncg
DA:62,0,MQAw7ryZXIqoa+XVvQuYKQ
DA:63,0,SOvkHYzH1EeFyth2uYvhnA
DA:64,0,x2Npoabhcb0wsv8Uu2z3NA
DA:66,0,c1Cjmoj8WWabC4nQSkRXUg
DA:68,0,Jydyk5TcsVHfOWHUuGoCZQ
DA:192,0,PdeqDqr4bOft68ON3+/7kg
DA:212,0,3CZrSFBQoKZoQMrgo7Z/LQ
DA:222,0,K+KAa+1TTW2KzUxcQUdkJQ
DA:223,0,+hxQeFGdXpg8S4/D8/YYDg
DA:227,0,6++y+10x+g+Nbi3Eomyj1g
DA:228,0,Va7/i8HRaQ287FT550kKkQ
DA:229,0,iE3JVaus/vDeTrN3dTp6jw
DA:230,0,xembfpgi908zwh0+JYM0Dw
DA:232,0,kaYcYxOKuXNgKqmlv3gskQ
DA:233,0,P6L9tvzmY39BE2dFF6gk8w
DA:239,0,8UwuJfA2J/j76x09fdzYTg
DA:241,0,ES26nEfwmo2lauIVO7F03Q
DA:242,0,QBQu1FyZ/xwqyMpChRSEyA
DA:244,0,esyj8LFKGDEBe9YR20YbJA
DA:245,0,yrIiTJ8kxAkBexR07ZG5rA
DA:246,0,6sLUMZmjCpb8TAsYnRIUfQ
DA:247,0,o1WLf5TzzTZo5F/OZ0T1aA
DA:248,0,pHoEwPrPWUbzvTRdre3kZw
DA:250,0,3RJf5viauGVecoHo8P4f8A
DA:260,0,2hf5y1w+zq6jcpXcL1zm2g
DA:266,0,yGn9cCTzj+iH3z1mr/7mtQ
DA:267,0,6++y+10x+g+Nbi3Eomyj1g
DA:268,0,ES26nEfwmo2lauIVO7F03Q
DA:269,0,bHybU6v2WH19E39EN50FzQ
DA:271,0,pWnmm4w2hRSvAesZUVxxHw
DA:272,0,PRgg/9n0+fk8drY5QJEzvQ
DA:274,0,S/3Fnlz5Sfhv0zPAj1TihQ
DA:275,0,WtNj8V+1GQ60MGd7El26bw
DA:276,0,yrIiTJ8kxAkBexR07ZG5rA
DA:277,0,u1UyJYGLiIrvNsVl5PneMA
DA:280,0,kf1x8AK92vfHcYRpQto1WQ
DA:283,0,8P+3AjnCElY9RND5cuXzig
DA:287,0,Sht946XV7NRMAnv7wAil5Q
DA:294,0,SQE5N++9a5UdRNpbW4+P6Q
DA:296,0,j7hT8b+zwdU2/RJvSZt9aA
DA:297,0,LcQ33sA1+2XreWrjhjOxXQ
DA:299,0,lVusMsu2YiX8Tbcn8P6rSw
DA:301,0,VepHEfQukBCJEOoRLu5Y7w
DA:302,0,CU86Xp3J0Ye1w6BH5GQy+g
DA:303,0,4wiZ5up62F/Iz2AMehD+tA
DA:304,0,Iz64KHlGJkxsjIDroB59IA
DA:305,0,RGR5pTXLDXoXSSPdnV+QlA
DA:306,0,PfO9ITKGkt44gPqO05qasw
DA:307,0,5JjTR36otYPpZ1GfGd2K0g
DA:308,0,HRmYgrUgQRrlHMAQ7gWdXQ
DA:309,0,GQyPzfd0DpjWw2L95B5nkg
DA:310,0,TEvQKeK1mDiGhamuGgjjEw
DA:312,0,2AUXLMH0+iAz7QJZP3zO3Q
DA:313,0,aAfEN1CwUe5yUuEs9fhisQ
DA:316,0,twJN3E1tLUC5AGHQvkFKBw
DA:317,0,0xXqthNd7G8WVxHkdNiIuw
DA:318,0,kWYbNUcoHJJqVBkrzbMeYA
DA:321,0,0ca8FSc/baPeBRjkwJoHIg
DA:324,0,aAfEN1CwUe5yUuEs9fhisQ
DA:332,0,BIbqQydyNkW6iq+XN/YWng
DA:333,0,fhGoNm4uA74n7fgz9apHXg
DA:335,0,lVusMsu2YiX8Tbcn8P6rSw
DA:336,0,js/T6rAiIH5hszNOnrv3tw
DA:337,0,Eb2e9dUEaPI2DUVzmctsEg
DA:338,0,xembfpgi908zwh0+JYM0Dw
DA:340,0,kdGibPpJhkvWHzndMHOoTg
DA:341,0,foCGjGyw+NALyrmVkapo+A
DA:342,0,xembfpgi908zwh0+JYM0Dw
DA:344,0,/o3/wmOP4sK8BwSWTYi/UQ
DA:345,0,iK3OSfSVgd0d9zcgdkYAsw
DA:346,0,c+s8zE4JGYhMA9mf48ODqw
DA:347,0,ZPu7wAjotv5NzNGMWXlovg
DA:372,0,EnBKpcah8Cllf/SXaUGjIQ
DA:374,0,ZBfKja1oY8AygwAyjRe6bQ
DA:375,0,r5Gwxx49i1GKSWMf6l/J3w
DA:376,0,j7hT8b+zwdU2/RJvSZt9aA
DA:381,0,vIrkiopuQc7M1yjITasEcw
DA:382,0,+hxQeFGdXpg8S4/D8/YYDg
DA:386,0,xembfpgi908zwh0+JYM0Dw
DA:388,0,pWnmm4w2hRSvAesZUVxxHw
DA:389,0,uL34O70nqAD7rCmWkC4M1g
DA:391,0,SH3Dd71S8LEdnoTuLNZ0Sg
DA:393,0,lVusMsu2YiX8Tbcn8P6rSw
DA:394,0,er1/8+d1yJrQbWyyZ6sByQ
DA:395,0,P5adReSZBn+IiNlM/43d5Q
DA:396,0,+hxQeFGdXpg8S4/D8/YYDg
DA:400,0,xembfpgi908zwh0+JYM0Dw
DA:403,0,h+efCIA0P3zEFw066YkT8g
DA:404,0,Edv0zUzKFR2I99VKr/65eg
DA:405,0,+hxQeFGdXpg8S4/D8/YYDg
DA:409,0,xembfpgi908zwh0+JYM0Dw
DA:411,0,+zkN1Ygd++4QJUPevSBoIw
DA:412,0,tg9vQGPVwVDKFPPEXj0Gaw
DA:413,0,rKvHoXQnciJEqUeTdt0fSA
DA:414,0,+hxQeFGdXpg8S4/D8/YYDg
DA:418,0,xembfpgi908zwh0+JYM0Dw
DA:421,0,AskstOldo/ksreEG9z15mA
DA:426,0,EswntmBfEvhG84pDn9owpw
DA:435,0,rarXa4n80l+Ok0mjRhnXwg
DA:453,0,OelmzP87+wO/AbuQgIU/Ig
DA:455,0,1u9Be+wpHJgXfGjz6BMHfA
DA:456,0,SHb/OPHfrph3HqIg9tYE9w
DA:457,0,j7hT8b+zwdU2/RJvSZt9aA
DA:459,0,pWnmm4w2hRSvAesZUVxxHw
DA:460,0,eG1du1Fe8X38CxMn5XAd9A
DA:462,0,086zcLyakueWiDIuYu73Yw
DA:464,0,lVusMsu2YiX8Tbcn8P6rSw
DA:465,0,erwrqjV4mMceqp2YD3D42A
DA:466,0,3wJEsDecIpo2upnZMRwMzg
DA:467,0,PazQ+Hl/ICoQOnZDc7qNwQ
DA:468,0,0SLZsfUtvoVVbXUszIuSYg
DA:470,0,sy4S6BxGrA8fmaSn6iw0dw
DA:471,0,ZeIDLCChJFIwM7rTjtL41Q
DA:473,0,IERYTRqPmyjJkUoM2HaaEg
DA:474,0,1Tw3VtD4WaiDikoF7z8z1w
DA:475,0,nFfX3Zhh8UktJ5YkLBR80A
DA:476,0,/pqSOBznllerQHA3PlZcVA
DA:479,0,pAFA9t+yeDeuwvxh6iYbrg
DA:485,0,xBOLAcGTLehC6+3p1DwE+g
DA:486,0,puCLaFzSsOekJB+kb0CwKA
DA:487,0,4GZbW1/W6mrBwKiYUvlUpA
DA:489,0,62O3XHQNBw3QwTH1gvUNtw
DA:490,0,mfdyY+tgmyimnb11o0Fm4Q
DA:491,0,kxNWn0noTgMLHtt8HjjbTQ
DA:492,0,g9e7Iwqr1nWtFXceVIj4NQ
DA:493,0,Pc/jRA1JqitmA6aigq2WdA
DA:495,0,biUEjgyMbXSpy1pNIfxVUw
DA:496,0,ArzVEyoy/PQd3myCpjGohQ
DA:497,0,BVTiBdhdSgh888tc+7VYzQ
DA:502,0,S0lbn41RHzcNSltsdma69Q
DA:505,0,PHNd+RRklT4LGZn5ax8Dhw
DA:506,0,s91Z9xV6J5IvCIbet+UQ/w
DA:507,0,wtX9jVSK1jG8D1K7l6KE4Q
DA:508,0,z8s+nyrNzoh9CpOgcxS6Ig
DA:518,0,UKRfp5bQMzOKFcO9zPm9Fw
DA:523,0,lVusMsu2YiX8Tbcn8P6rSw
DA:524,0,js/T6rAiIH5hszNOnrv3tw
DA:525,0,Eb2e9dUEaPI2DUVzmctsEg
DA:526,0,xembfpgi908zwh0+JYM0Dw
DA:528,0,kdGibPpJhkvWHzndMHOoTg
DA:529,0,foCGjGyw+NALyrmVkapo+A
DA:530,0,xembfpgi908zwh0+JYM0Dw
DA:532,0,hwrVOQtv0ZIMevyvqAkHUw
DA:533,0,22ERVG/K3AR1JLqrgOmaSg
DA:534,0,EP/ZLohS+A3/X4Oj/G3mrw
DA:535,0,SH3Dd71S8LEdnoTuLNZ0Sg
DA:536,0,OxharaQ64sFBFo2AzQDutw
DA:537,0,eZPFXOYMJmsyKvTfnumCxA
DA:538,0,laRNDtyfWw1x4MR3xmkkzw
DA:542,0,2loYFqKsWTLg8EsfxY4sxw
LF:262
LH:94
end_of_record
TN:
SF:/Users/gavin/repos/EnsemblLite/.nox/test-3-11/lib/python3.11/site-packages/ensembl_lite/convert.py
DA:1,1,z0M55drSbFe78y+pxCfU9g
DA:3,1,wxRi4IYQi/zWPfTzfLDH1Q
DA:4,1,s4oYIKJbtm0yfBFTfjur4g
DA:5,1,5jsGlLcKC9zqPwgoAS9CBA
DA:8,1,EdHvmtdFx8HEvtUSrIHjyA
DA:11,1,sXUUzfPVqw9Swkb+Sr+WAA
DA:13,1,LMxJaefBx3aWrt2nqIEZTA
DA:15,1,bOAgikp+JBSyA8CWcDE1MA
DA:18,1,bBY8n0R0OxvCcMMAEQDoRQ
DA:29,1,eQKltmqNa316XRlyQvB8QA
DA:30,1,0qrVTDZFXDoT5vXG9kVStw
DA:31,1,uxUBXtYYkOFJZoPDeTgajg
DA:32,1,39KWC1NCgqRBt7E/ocMi2A
DA:33,1,pt8rmadkJK2AY1YpQB8DHw
DA:34,1,xpoO/DzsQKOjNjYoYqQq1A
DA:36,1,D+6xj+0ZMarpVACQ/IMX/g
DA:38,1,7nVn7iNxMEDF7JbRRLRGKg
DA:43,1,lGMsDAWVGB/8CPIclGHNSg
DA:45,1,fTPMVbn76uMhVDxMcrURxg
DA:46,1,sOvtOfk75TbAtTgkgicGHg
DA:48,1,ddEz75YzAvA7lgRK7LvhOQ
DA:49,1,7zZzcJmhNLMlpP3Ure7TkQ
DA:51,1,WVkeaiHaUkpP9rXFHh+dlA
DA:52,1,fwdfZAQlQgYtvouco5aotg
DA:55,1,yp5zZ2BfqZK+ba1GOA6OzQ
DA:57,1,pDdWaiPIRISzCOlWRa+kWQ
DA:58,1,1oa1C7h0FSBurd+IZZ8s/w
LF:27
LH:27
end_of_record
TN:
SF:/Users/gavin/repos/EnsemblLite/.nox/test-3-11/lib/python3.11/site-packages/ensembl_lite/data/__init__.py
DA:0,1,1B2M2Y8AsgTpgAmY7PhCfg
LF:0
LH:0
end_of_record
TN:
SF:/Users/gavin/repos/EnsemblLite/.nox/test-3-11/lib/python3.11/site-packages/ensembl_lite/download.py
DA:1,1,ydCxunymauVRdfWlNGpIBA
DA:3,1,7Z9Lj4ed27Wf2hBX6jooEA
DA:4,1,9ib9jXLYq8Jpa8IR4GQL4A
DA:5,1,p7hNY1S5rX9QtYADf+cK4g
DA:6,1,dbKXYnHzrSnvURbcSLvVKA
DA:8,1,NliK4oZCahxvQQx1DqKQCw
DA:10,1,LirFAfja5zq7ycrPRxtOjg
DA:12,1,0mj07eLMQVhAxAnJWcjwxg
DA:13,1,5Ke+O1t8+8IsnlXfm9vaIQ
DA:14,1,A1WHeRayQRRaCCTtFkrvSw
DA:15,1,GLm05nPTbAQrzrio+kYWQg
DA:16,1,JNfnGbf01M+HbNl8j9Jh8A
DA:24,1,+gl8MuIHlDTG1j7nFms5dA
DA:26,1,iCp76xVK4KmwJheGoabZ+w
DA:29,1,Qr5SckQxsvcsgIVP+5PK/w
DA:31,1,vpb3y7eLBXSnbNYW6tF48g
DA:34,1,sA0BIQ30Bi3vjAP13E23qA
DA:35,1,QeGv3Os5WDong5G1HwuJAQ
DA:37,1,W4M9zo9eooEEy2RbTqE01w
DA:40,1,3FyLJRoDvgIXj44lRm0+1Q
DA:44,1,winEvEYBdjOWzUrqm3o+og
DA:51,1,kZ/BfHFycByofw/Y8WCW4A
DA:98,1,ztTsO/fzW8WzUIdWxcP4+A
DA:99,1,pzwkAxARFetS2uzkawzpMg
DA:101,1,HBwCXTZ1wlAg7ZtrNgw4fA
DA:104,1,3FyLJRoDvgIXj44lRm0+1Q
DA:108,1,HXGnJCmWF/n6tIQjbworsQ
DA:145,1,89HAFD0bhGn0G5aXCepXfQ
DA:146,1,6gH8pb0Lm5v7PEh0hYxMtA
DA:148,1,HBwCXTZ1wlAg7ZtrNgw4fA
DA:151,1,3FyLJRoDvgIXj44lRm0+1Q
DA:155,1,Is384AVmdcyanexWjpfPgg
DA:192,1,GqH3ecq318hRpZhIygLh9Q
DA:194,1,gbqw2GOuE8f3YNFY0DP/8g
DA:195,1,+zRTb9fwdA+pFc0Kh4Fhqw
DA:196,1,IgcRoW2PqOUtqJjX1IaaUw
DA:199,1,FMj12k5ITfbMbIdgpAmlTA
DA:206,1,E7f3uvWtb9xhMVfnR7xjuw
DA:38,0,reLGZvn7h4anlO7Nkl6GLA
DA:41,0,1Rh8VrfJH/OC8UjS8vlNxQ
DA:46,0,NqBU33R5qRofHlRtQgVcuA
DA:47,0,CYwRBgkt9Bwyxb6R0WuwdQ
DA:48,0,EkEXDncuKxZ+1xON6gfOOQ
DA:53,0,LL60BRYCNJCFHRIg22MdyA
DA:54,0,C2dJobAu5fBNTP2A+DhjRQ
DA:55,0,ES26nEfwmo2lauIVO7F03Q
DA:56,0,GdGe3BEUDGjRaKdRN+t/7A
DA:57,0,yMsiHvXaDZcUBVfOUGo6Kg
DA:58,0,m1UqCs/6spCmseD4QMRANw
DA:60,0,DeSEf0gOtUQVTABZXJiImw
DA:61,0,hm8p1577LG4alTNBfY1wkw
DA:62,0,cKYuW0k/CqPzRImr9FmoLw
DA:63,0,0S5UcawDKxYsQlUn9T7MjQ
DA:64,0,DP+fwBui/MieFkAc0yhIUw
DA:65,0,57NGRWxPeV1uUdsno92MiQ
DA:66,0,kQWs1LCD7d1etyGh9xDxQA
DA:67,0,gw+0u3MeCgfp99KRJ83X8w
DA:69,0,movK7IEBcTNcqWzFQIf41w
DA:71,0,uUhyJLW32e+u7n7uckEoFg
DA:72,0,GQC5B8plut6OYOYwpOjRjA
DA:75,0,kxNWn0noTgMLHtt8HjjbTQ
DA:76,0,H5wezKIgFfxOm/FxTrrbGA
DA:77,0,cuPAhmVibfOseImkuIpVhQ
DA:79,0,OabeQs4XLAEO6b5oL1jbxg
DA:81,0,H5dSvhosbJsFdqygh6BrKg
DA:82,0,zWSRTy9gO9Gl1EFdOybyyg
DA:84,0,owUJ0H22aM2kVMxe1SPJLg
DA:85,0,nDyhJ9dfKzxPBgwUHA+Hhw
DA:86,0,SzMrlNiQRMcsloo9iV1gDw
DA:87,0,sNf7TWA8yNWw4IZI/4ky7Q
DA:95,0,84e1Ac59jtKDpRc8oiPQSQ
DA:102,0,6h5pNhGamL4dpjO0zZjZWw
DA:105,0,1Rh8VrfJH/OC8UjS8vlNxQ
DA:110,0,dPmFahzP322c9UOiRF8zUQ
DA:111,0,l6TjtYHqcNyGECUCc2lV5w
DA:113,0,C2dJobAu5fBNTP2A+DhjRQ
DA:114,0,SPcG9yMX0LdTzmSPDoep/A
DA:118,0,HhdZNDXhs9sEcgQao8bN7Q
DA:119,0,HiVOJTQgwkhEVJxRTdI4FA
DA:120,0,Zz8LdZm7VVwhLZP8Yxhjng
DA:121,0,GCT64mM+f+u4zqikgqL8ug
DA:122,0,EvebrUo/NfbebcP8LedWvw
DA:123,0,jTRiXiruV1l/Ah/eAtb9+Q
DA:125,0,4FZcZMhBfURpCXwNg9QCaw
DA:127,0,zzXq7qoliIy2S01d2kC65Q
DA:128,0,nfeW9hVEf52g8R/q5ggYcw
DA:129,0,SaD2HK7o8DrbAlYgsPBuyQ
DA:131,0,myOsNmpw/liOysOxjUL26A
DA:132,0,flWKBJOsKR1AvKs6sJMRLA
DA:133,0,JDog+MgNcmW/1Hy7owYf6A
DA:134,0,Wyzt6K9szFAIN/bkCuF+VQ
DA:142,0,84e1Ac59jtKDpRc8oiPQSQ
DA:149,0,g7sdRxkh56d5he7DnfQ2sA
DA:152,0,1Rh8VrfJH/OC8UjS8vlNxQ
DA:157,0,vdC/1Hj6UYZ6PBXIuR3cyg
DA:158,0,l6TjtYHqcNyGECUCc2lV5w
DA:160,0,C2dJobAu5fBNTP2A+DhjRQ
DA:161,0,SPcG9yMX0LdTzmSPDoep/A
DA:166,0,V7R0ImnNvXbsWQUcO4n0ZQ
DA:168,0,l01sq7eDKsEdiNpwMGVbOA
DA:169,0,npUd/ZT4VqVl+20kaFJUeQ
DA:170,0,I2k9rhBlseF3U0ZHXR4UUQ
DA:171,0,EvebrUo/NfbebcP8LedWvw
DA:172,0,jTRiXiruV1l/Ah/eAtb9+Q
DA:174,0,4FZcZMhBfURpCXwNg9QCaw
DA:176,0,nfeW9hVEf52g8R/q5ggYcw
DA:177,0,qqku1+vH9vXK5vrhorswfQ
DA:179,0,XIqdfFGfA/SyCwdQMt5LkA
DA:180,0,flWKBJOsKR1AvKs6sJMRLA
DA:181,0,JDog+MgNcmW/1Hy7owYf6A
DA:182,0,Wyzt6K9szFAIN/bkCuF+VQ
DA:189,0,84e1Ac59jtKDpRc8oiPQSQ
DA:201,0,gbqw2GOuE8f3YNFY0DP/8g
DA:202,0,v5GjzN89ap78unUSBafNyQ
DA:203,0,kkCvV2pdonL4pmP7VEaFcA
DA:210,0,jpPTdQ9Ig6fvp2EQvlUAEA
DA:213,0,og09VEaFkB7m5NwwzyT5zw
DA:214,0,mSQ3wwKjHMsKuPUzPOlurA
DA:215,0,3kErlhOFoe2fw/Q7XqzPqA
DA:216,0,xMriBozndiy/iKQCJMxrhw
DA:217,0,d7k1WD8x3kU7DaWzJkaw0A
DA:224,0,P09/hihx+XfKEbDQiDcE5w
DA:225,0,ea+XYQ5NwIHkxPeGDc6Q2Q
LF:120
LH:35
end_of_record
TN:
SF:/Users/gavin/repos/EnsemblLite/.nox/test-3-11/lib/python3.11/site-packages/ensembl_lite/emf.py
DA:3,1,7Z9Lj4ed27Wf2hBX6jooEA
DA:4,1,zVIrvo60kTiMN8IFGNmBDQ
DA:6,1,op0RA3yq2SSa78CX+D8T6w
DA:8,1,T2yYiRrmkNZ+0K+U6f+i6A
DA:13,1,EXGQkYhkckAK59mb46g9yw
DA:14,1,JDqGGbZbiRPSBQ8GRJjsCQ
DA:15,1,MopoBoKzjbqn40hecClxtQ
DA:16,1,JjJejIHpu7QLVsxcP/anQg
DA:17,1,VJZUQaoMxmQYL3h8SJmnXw
DA:18,1,X803pYJ2IMJD4msWyMtkfg
DA:19,1,7a6iEiO6Zzu8yfez5LxOyQ
DA:25,1,F7mratZkjiY3U7+0N70//Q
DA:26,1,CnpE8w1E19Os07hr9T+1Fg
DA:28,1,dDpI1xnYM7U9EkV5ygfLLg
DA:35,1,YT02cfyjTYYUGJkPPfVbRw
DA:37,1,ofPjzbsvjI3p5U+/Vjhztw
DA:38,1,WksbqeDUgvobBvqRruCvAg
DA:39,1,MopoBoKzjbqn40hecClxtQ
DA:40,1,gTC783OKmqYJZiQ3t7mjWA
DA:41,1,isayI2TgT0AeJO5Ga54ppw
DA:42,1,tfwuPY3Tz+iRDoo9cOhEKw
DA:44,1,aNa+r0ZP69lendB5IjqMRQ
DA:48,1,/Q/X0VjOpVqyQUio/1cNiw
DA:75,1,4Y3zNgu9UecnVfhGmGU5wQ
DA:76,1,BWNqEOcw1/F2MAu2PhjXxg
DA:77,1,ikTHpx/RgYTi2eXNGkKgnw
DA:78,1,/NN4gEFn++b5RVKvrmyP8w
DA:82,1,BV6CzThldEliYE2slXhM9Q
DA:83,1,WVH8RfNj+faBDXqr0e/Thw
DA:84,1,Pq2YJLgWW7SclIRkyKnk4w
DA:21,0,xNo79dxrXdoJkzhX/Dt5hQ
LF:31
LH:30
end_of_record
TN:
SF:/Users/gavin/repos/EnsemblLite/.nox/test-3-11/lib/python3.11/site-packages/ensembl_lite/ftp_download.py
DA:1,1,7Z9Lj4ed27Wf2hBX6jooEA
DA:2,1,9ib9jXLYq8Jpa8IR4GQL4A
DA:4,1,YPWRFSkXonKO1o7kG9mViA
DA:5,1,EawLf73SH9JPoLKv3n48wQ
DA:7,1,84O3fECSP736vw9GBYBndg
DA:8,1,jvAvzMf8UImV+SE4RhoppA
DA:10,1,JNfnGbf01M+HbNl8j9Jh8A
DA:19,1,NzID3Rfhx8eRvucifvHg/A
DA:25,1,4iumrU1QIsCGxHyWLkqwVQ
DA:36,1,dIHtrRmB8sc0j4DBJFX8Xg
DA:48,1,l1x16wP/vY0YMLTUYM0lGw
DA:51,1,AC/TSIObFMVHYIiyZewZ6g
DA:70,1,94wSl7WG8cQlhyVwQf7s0A
DA:20,0,E1n8mxq5etcI8oondwti4g
DA:21,0,IfVeMuMRNROXbMRZP5TH7g
DA:22,0,zrqaHhvA1U43lyohoO0WbQ
DA:27,0,aODXUqlElNr67e7PLk1H3Q
DA:28,0,y/du1KqDAkIvLrnXK7EAUg
DA:29,0,l36ZBjiIZo1P6uS3qpy07w
DA:30,0,91f5abGLw193fJOS6pd5uw
DA:31,0,DwROjQ/vBcAAasQsF9goew
DA:32,0,cPWP/rfD10ODmJO234NyZA
DA:33,0,JALdlTwJvzhXs4eaQmHEqg
DA:37,0,roJTRFx5YW9LfXgBqZJ/Wg
DA:38,0,p/63mfUOjJIVYyT7dgcC3g
DA:39,0,y/du1KqDAkIvLrnXK7EAUg
DA:41,0,uHPQC5+dfpUWxy5STJli/A
DA:42,0,hkBBEVAJ2Am9FXxrzAM9lg
DA:44,0,JALdlTwJvzhXs4eaQmHEqg
DA:45,0,t/O+Tjm7Rg3NHDuTDC9xcA
DA:52,0,vHt68OhkaqepUANok1B/yw
DA:56,0,+DyF6Y2z+XGqn7wHJ0xZjg
DA:78,0,O1QuYiT+B+r59u3LUhA94g
DA:81,0,GpUPHQbIzzHIPjnNvv3ysw
DA:82,0,N21aUuQxeyJpKhmS0x1HpA
DA:83,0,Jv/tdGaUZZMwzgkME5Mtjg
DA:84,0,f8xt23osJpAzVdKBWRIzaQ
DA:85,0,Jq9/7IXuBZZeq0fXLhfTAg
DA:86,0,M5XhgJZTaxF49JFox8FxMg
DA:88,0,/PaSD2C380RItFE1x1OdMQ
DA:89,0,KvSDFPJwYTbvumfDsW2vIQ
DA:92,0,EEKyRfrbL7ZquvSb9vP6sg
DA:93,0,HRmYgrUgQRrlHMAQ7gWdXQ
DA:94,0,4ufGBooLARbrfDVqAQmheg
DA:95,0,jpRKSPq4bGtA+W1chd9phQ
DA:96,0,Y7i8ml086Heatmjp3eN7iQ
DA:97,0,ValONuwBlFRJsandkfBy8w
DA:98,0,6+YGZSESnPEl4rEw0NI3JQ
DA:100,0,LWILTcvARcydjFFyo9qM0A
LF:49
LH:13
end_of_record
TN:
SF:/Users/gavin/repos/EnsemblLite/.nox/test-3-11/lib/python3.11/site-packages/ensembl_lite/install.py
DA:1,1,ydCxunymauVRdfWlNGpIBA
DA:3,1,7Z9Lj4ed27Wf2hBX6jooEA
DA:4,1,dbKXYnHzrSnvURbcSLvVKA
DA:5,1,zVIrvo60kTiMN8IFGNmBDQ
DA:7,1,+XepbPPhaeYPLw4GL2I/jw
DA:9,1,xS5GXEaf5/qWwLYg9oS7iA
DA:10,1,vQXH+NZi9eeSjSgG/8yuNg
DA:11,1,LXWHzG5jJSsQxPbYjSh13A
DA:12,1,QeEN+XyRgHSIB2YruA/N+w
DA:13,1,1EYL40Z34rkBearTBy0q6Q
DA:15,1,tXMozXyRbKgpWxGum0gIEw
DA:16,1,LXZr+fnEQOsgilQ4zPAeeg
DA:17,1,IcH3PGUKNJgmHuASvG52bQ
DA:18,1,SM3yR/IXYJKgZU1rd+amyA
DA:23,1,/b1iixRCPpQW2x4uCiGMaQ
DA:24,1,9zi/hkK3H3GsF9A3pXPvYw
DA:25,1,TCm3t24wEmbPiT+vfpL6Ng
DA:26,1,9s5h7Moy+lYYdjE0xRKQmg
DA:29,1,0B/ZXyoB+eErSfVL88kB3Q
DA:33,1,CW9mlZQFWiaxZszlFr1G0A
DA:45,1,VE8XprciQk0abzIeHpGDTg
DA:54,1,8P3rm7ouBaYO95KklYIBKw
DA:63,1,HotZcvpskYSs07AEGFSo5A
DA:66,1,OY7CFMn1f27ebjavL/q4Sg
DA:85,1,OejwY28z77waDfoLA3InNQ
DA:134,1,ovbLUTHOpAn/OPpzG+sZsw
DA:135,1,jSNzLDT1MXCwOE0QHtTrqA
DA:136,1,JOhNejTMXs+MZljyZXvO7g
DA:137,1,FbjdE/9viLOYJk5F0OtHbA
DA:140,1,eRCWkdGOa9YKhaH7IqECcg
DA:141,1,VkTJT1Saq4WdVl1pGlJDlA
DA:142,1,E8sHd0rKl20MYtWTYy5b3A
DA:143,1,HpnALVqrbnjrMfrh2PeEbA
DA:144,1,JxKH4rtM0++dLoGnY5eR9Q
DA:145,1,hq/w9Z1V6iSAwWG25yzoyQ
DA:146,1,olpMjx5y98msR106ljuQMg
DA:147,1,OLQrL5oEtlrCq9YD3KbNmw
DA:148,1,WILfmb9aOLVXWBQniXfVWg
DA:149,1,yxkZz/3Q/iwb0lIZi+MmDQ
DA:150,1,IZDPHbl6FOPeYfrFml+b8g
DA:151,1,X06JoA2cLKGIiViOtD0qDQ
DA:154,1,rr9YBctsClZsoRL/Fd8xWA
DA:185,1,8hoNq2NH2vrurcWl97rUng
DA:186,1,1swXFluyVNcm5fNT5ugLYw
DA:187,1,ebIcLoUB29mODhPk1Lfm8Q
DA:190,1,qT76/PAT5J1GJi7IbcZezw
DA:199,1,hnvQZ3eygjhvAoOmGddFJA
DA:209,1,Gu/03DIZo60rsGxKQwZHMA
DA:213,1,hlbywphHqo5OT1dHX5QKmw
DA:214,1,ruBzLIUKLTv4Uy7v+tT35A
DA:216,1,2qEUzG8CpFXja4aPM/RfKA
DA:217,1,3VThlweha6mBxV/5A6Uqvg
DA:218,1,GPxXDdy08JaliMQYP6QQ3A
DA:219,1,BqPTshKKLLmfrPOv6DQGJw
DA:222,1,EtdZaAHDhzKxTMu8X3zTEw
DA:224,1,L+o5/kmSateSrbScZ/heNA
DA:225,1,23y+i3N3+zv8EIMFeMu1wQ
DA:226,1,AlsseSpH8auFqNUd4IRV8w
DA:227,1,rVxc/P4YiNQM/ek6jpV98g
DA:228,1,mob6TBkrUoyL6gFJRsKwXA
DA:230,1,/zFnBJ36erJhOxf2zYRFBQ
DA:233,1,BY9IwsEqWNCL7SU823zkxQ
DA:30,0,w23QVnnE+8fH8/R5EDqO+A
DA:34,0,XE3Ydi7c2a3F9SyJM/m+uw
DA:35,0,DZ31qVdolOqGIVdfgokpWg
DA:36,0,KWssK9sYuMPjJTgjGBrjOw
DA:37,0,Dnzed6NffvXwLjVfLMaCAw
DA:38,0,HrW4q2ojbArGcA/StP698w
DA:39,0,yQZHphQaJ2Zg4YvKPuYlCw
DA:40,0,5mkVLOnrWhGCTchDajjy3w
DA:41,0,bjeVVqahn84Fy7QCGwle1g
DA:42,0,sSGDFD0gO91z5VlJZIufhA
DA:46,0,2+JMLpCJnk+sRAiJAAAjQg
DA:47,0,roJTRFx5YW9LfXgBqZJ/Wg
DA:48,0,eJ6zrxnLWn/k18a2vHOhRA
DA:50,0,gB1E88sb9RnjxewlfVf+wg
DA:51,0,LWILTcvARcydjFFyo9qM0A
DA:57,0,Lj502/TjPP0krM9jlsFLjw
DA:58,0,brtdqJfaU+0666FgZ6WGSA
DA:59,0,cL3SleqRtM+QJWHTsGrB1w
DA:60,0,O/B4lSNXOjlGZlrPu6pEdg
DA:69,0,08NOwpVkZ/pI8j4oNvsgbw
DA:70,0,8VfbORZN+nhNeTchAteFRQ
DA:71,0,oY7bp7DCPXJDXNTpW7q/ww
DA:72,0,KKZ2HxC/M2Yehe0dQi3fTA
DA:74,0,q4gu33kNxadpAACHyhmtow
DA:75,0,oOJTgAtDcLHjYaZYjXsEnw
DA:76,0,tybfnN0We3etWeWBazFvVg
DA:77,0,FYBfv9pezKjRNWmeLsEwWA
DA:78,0,wIBm3DIQ1X2Sd7ereZnu2Q
DA:79,0,NNdTXP1y1vZK8dk0ctRCjQ
DA:81,0,AUGKIRXdq8luIT7rBCXaHw
DA:82,0,HIbkbvwma3wZ+TzUyFPxuw
DA:88,0,pWnmm4w2hRSvAesZUVxxHw
DA:89,0,7X12+N/W+SXXPJPhO9LV5g
DA:92,0,T4iOInRw0B2uAWTRYj0Enw
DA:94,0,iPhmnOhusnKml8EGUVJn+g
DA:95,0,lKdPN2ffq/KFNQzM3bLe1g
DA:96,0,km9pXqW8V8wpub30KgXYvA
DA:99,0,hKVIOl3xs2xpWDjmi+AvcA
DA:100,0,FkdjgKr17NO5+0yS3pBVvQ
DA:101,0,TiemeMfLhr9cKi9AGoJGOg
DA:104,0,GXi9Vj0w0Nfu3RT1Jnvn1A
DA:105,0,l01sq7eDKsEdiNpwMGVbOA
DA:106,0,EmtJCFc/gAgtXPzDL433Sw
DA:107,0,+xiPBgxfWFC+PhmuccO3gw
DA:108,0,zfKWfXOKB9iQTLLa0Ja4KA
DA:110,0,nFfX3Zhh8UktJ5YkLBR80A
DA:111,0,e7+6cv0jsF4IuNFcySPYTg
DA:112,0,JWNafsmI7ZjyvJ6N4rOO3Q
DA:113,0,S7jU7aIp3TTYvy4xjRI8HA
DA:116,0,2RYXTMgVuVElo1g928IS8g
DA:118,0,nFfX3Zhh8UktJ5YkLBR80A
DA:119,0,dOPvzRAgJCTeqlvsqHrJDQ
DA:122,0,HPFBK7mf57Z2uWkHKWUntQ
DA:123,0,3H+Fbp2Sra21rM1oPQJ0+Q
DA:124,0,kTZNaDMk+x6z2ElNg7AoMA
DA:125,0,oIYO2vvMPvqCkRKxi5UU8Q
DA:126,0,6Z2zk4P7z05Ue6OqrqVDtg
DA:127,0,31b0u+ai/8r6JxSNdqj80w
DA:128,0,CAxFMyuLO6yQQWoCqhFMCg
DA:129,0,92dCYRPyxRlVMPgGEtjm+A
DA:131,0,84e1Ac59jtKDpRc8oiPQSQ
DA:157,0,pWnmm4w2hRSvAesZUVxxHw
DA:158,0,hz++wkMVbyCsudaQyvfkWA
DA:160,0,HiVOJTQgwkhEVJxRTdI4FA
DA:161,0,nJWkNvNuRnoo0TvNPolKGw
DA:162,0,qgyradZYKWmzblO16aEopg
DA:163,0,vdIUyZRa844uIeCN+pjLZg
DA:165,0,SQbsG1rvC0CcUMBnaUhQYA
DA:166,0,cBUL/fbgZtz9jaZL5MU0aQ
DA:167,0,g4VYxl31yBfcNsI+nbiT7w
DA:168,0,lQM1dIoU5xzqiIOhKFTyCA
DA:169,0,P1XXLhpjdEP3Ne+rx3bU/g
DA:171,0,24j84TsbgwAFZBV1cspvcQ
DA:177,0,DbbVVTJQZgXz+2LCuuo8wg
DA:179,0,dV0af0pwJOrxS88LVghrvg
DA:180,0,7vWTZVtKywhr43V9kWR7SQ
DA:182,0,84e1Ac59jtKDpRc8oiPQSQ
DA:236,0,pWnmm4w2hRSvAesZUVxxHw
DA:237,0,vfAb9ZGVeJ0i86AxCMAWWg
DA:239,0,hRGNqfVOXSyHq3vSY6Q95g
DA:241,0,/q4mO4YY7z48IPizFOeARw
DA:242,0,ewE69LRZlg/vZEBn/YCk0Q
DA:244,0,fpHesZvlUciQFQnyCVyC+w
DA:245,0,hC4r9TQuLMCs7nAGsXH3sw
DA:246,0,WHioAhxf2IRM6H7NfHzYMw
DA:247,0,d9kDJsVl5s9/oI6DYgD2yw
DA:249,0,NCa/apC3TLSb8m9V0Mg3dw
DA:253,0,FkdjgKr17NO5+0yS3pBVvQ
DA:254,0,Do7bqWYylby5CusXmQ+qfQ
DA:256,0,nFfX3Zhh8UktJ5YkLBR80A
DA:257,0,9fmHUg6Y7+zkjDGKj8A85w
DA:258,0,ItdNYuw1ZfudXsZBDUvvGw
DA:259,0,m9fLiQ/uEOryc5gmpKD5Qg
DA:260,0,koVgx6iRV9JpmdDtxfF7xA
DA:261,0,uJOh8wCyGxddP2IBdIYt5w
DA:262,0,2RYXTMgVuVElo1g928IS8g
DA:264,0,wU3DpagRc84p94MaVzYfbw
DA:265,0,4pScIJRA3DH8iA+aW689qA
DA:266,0,ADWrzTWDlVGmwU5ZlBKiyg
DA:267,0,mvlzbNAo2qt52SuHdYCePA
LF:162
LH:62
end_of_record
TN:
SF:/Users/gavin/repos/EnsemblLite/.nox/test-3-11/lib/python3.11/site-packages/ensembl_lite/maf.py
DA:4,1,7Z9Lj4ed27Wf2hBX6jooEA
DA:6,1,op0RA3yq2SSa78CX+D8T6w
DA:8,1,/4uZtngcWBSgKU4qFa9/8w
DA:11,1,4qiyeRRKw65QJVrUJJVR3A
DA:12,1,WksbqeDUgvobBvqRruCvAg
DA:13,1,VjpYHQAdt4LXq6jxPQ1GKQ
DA:14,1,MopoBoKzjbqn40hecClxtQ
DA:15,1,AenlK6Vd0N16GLBGmMl6dg
DA:16,1,QgotIFjepFMAN0E5o4QAWQ
DA:17,1,g1zV9YrqLGju2u2dnXRleg
DA:18,1,9xPNLiNRKUZNAclqNxXJ/g
DA:20,1,MD96CG3q2rHACC12Pcy8zQ
DA:23,1,K/5D0nEdF9Bf64jVK2FNtw
DA:24,1,aNa+r0ZP69lendB5IjqMRQ
DA:27,1,ANXcNCjy9G+qWpyczcqHGA
DA:29,1,e2YQ+c2mHLErN15aTXCPwQ
DA:30,1,YxFiWZwArcJpHa6nin5rjw
DA:31,1,Fy0NBXDyLRpsEQoGc83Oew
DA:32,1,AHrODsAK74BrBpubRWRYaQ
DA:33,1,YzaM4XKZKyr3d/pPWgdBKQ
DA:35,1,WR8tOdWqxJQijkZaiNMtlg
DA:36,1,oW65H3N0HEEh9YxU9xUwMQ
DA:44,1,lEMp/UnbwPG1yNd9Kv5BqQ
DA:47,1,vVUEY87ahv9OT+9akF2XWQ
DA:48,1,vWlD/9wY1QZ4/ZlHVXJMXw
DA:49,1,BH5IshZH0S30YZfItIipWQ
DA:50,1,aWO5upByjoZJi/u5Dy28vQ
DA:51,1,sOvtOfk75TbAtTgkgicGHg
DA:52,1,3e6YaFqcRLzEN3X+0LsrEw
DA:53,1,NBJKfKT6EIbimUnt3Zjgbg
DA:54,1,YLcXQayPK8zV2pyl6usdyA
DA:57,1,Jor26yPS5+5jjvP47wLoFA
DA:58,1,4Y3zNgu9UecnVfhGmGU5wQ
DA:59,1,BWNqEOcw1/F2MAu2PhjXxg
DA:61,1,h7Nw20vKzX9iQbE4ye1JDQ
DA:62,1,F8Xl/iKYg3AHWZrhiQ8btw
DA:63,1,ml0Y6uDPBI3AB9kxpOkytA
DA:21,0,/8OSaRsMmJp+uF82kF50RQ
LF:38
LH:37
end_of_record
TN:
SF:/Users/gavin/repos/EnsemblLite/.nox/test-3-11/lib/python3.11/site-packages/ensembl_lite/name.py
DA:1,1,ydCxunymauVRdfWlNGpIBA
DA:3,1,p7hNY1S5rX9QtYADf+cK4g
DA:4,1,zVIrvo60kTiMN8IFGNmBDQ
DA:6,1,7HpIEQVf5K0efdTzo05mJg
DA:8,1,5tbwxqyAozotn2mV/xt7rw
DA:11,1,qib6TPP/aMNamt2XQIAEDg
DA:14,1,FFWvtG0hS7IET6Vjig6jNg
DA:16,1,M36J2109Y2zF89oZcGEvMQ
DA:17,1,+aCz1Zdsxs6AfxCRpA89nQ
DA:23,1,4nykjaBjvLFXlUckUChOGg
DA:24,1,BpTrLMdSN9BCESUeR2awNg
DA:26,1,MEJrMAIfiArdZyd/HL2pxw
DA:29,1,SKredzfZN72LmIBTSbUcsA
DA:32,1,e8Y2Mzgygb8cHdqbOJwsNQ
DA:34,1,vkWhcWCXTQCBPsRIemJvqA
DA:35,1,P08tROvfjemibaNuAnX0LQ
DA:36,1,V92+/nYePrBHT8Sc3gF/HA
DA:39,1,h7ZsgHFk3rIX99rJgYgZ+w
DA:41,1,vkWhcWCXTQCBPsRIemJvqA
DA:42,1,P08tROvfjemibaNuAnX0LQ
DA:43,1,34EnzX/ZyAFF1bN3eoZvZw
DA:44,1,hfUp8zPRC91/iFafdnv4WQ
DA:45,1,ZdKQU1VdbKVrSLUVCPNN6A
DA:46,1,aB/SHiMy3G4BICgWflHp8w
DA:48,1,TYMEUtPjqhXOaUow0tHhyw
DA:49,1,Msxyad3RmcE3nARbRP1yEg
DA:52,1,krgTO9vKDfO/M1984mLcqw
DA:53,1,Ageos2oXR3aB2fZziDO/6Q
DA:56,1,09y/SP/QoSNo3zCwu2CpRw
DA:58,1,j2CURUoSHUIvU/9bwzkzJg
DA:59,1,gc2ag2bsknRZABlTRv3IpQ
DA:60,1,oNSrMm4INBcDHZBRLZQDHg
DA:62,1,PUoO/cuKzInYbq5T0AY7xg
DA:63,1,uct4ZlWSc5HjrkXg0OTuXQ
DA:64,1,xkL/gZ5fyq22vjezckhDAw
DA:66,1,GeFIQI/iVwxpyVhx8QttZw
DA:67,1,5AuHzA96I+p7FHvUJfdx/A
DA:68,1,mj4eFl8ZYQRC2pDV+eb3mQ
DA:69,1,/8Dh715pOwvtim6r9NjhCA
DA:71,1,9XJzgn4PmEvjXYcqUNtkQg
DA:72,1,SAvMFV4aVVKk+4EbAMnLTA
DA:73,1,WW5KlZEFwimV//wZfqsVXA
DA:74,1,gkzHYGpwBxFjBlGjRRonOA
DA:76,1,2VfJH98mj5Mn3d7j1Zgs1A
DA:78,1,leWPu3a92U46XgI3/MVg5A
DA:79,1,eM1Iptm8a3Fckw55+VlcQg
DA:80,1,WIxjRb+AY7NIky/SeLciYw
DA:82,1,j+CcxAIEiLeqjzkbiEHnZA
DA:83,1,Bx05P9YXab41Ey4LQvHaIQ
DA:85,1,GJPDQGaguJwOJmbL3MX44w
DA:86,1,jiAJcxJWeBNXHrgrYhfmXA
DA:87,1,AetILPRgjZRySfth43gc4Q
DA:88,1,r79UOL9YzXkldkNl3qzs9g
DA:90,1,X115G4CwmLkek13LoY9EUg
DA:91,1,jiAJcxJWeBNXHrgrYhfmXA
DA:92,1,AetILPRgjZRySfth43gc4Q
DA:93,1,y1FGdN0Q6HE3ZQBU4WPl8g
DA:95,1,/NbbjsrcaM7Pn11SM3gHDw
DA:96,1,jiAJcxJWeBNXHrgrYhfmXA
DA:97,1,AetILPRgjZRySfth43gc4Q
DA:98,1,l6Ud1x6T0pS3CZa9rRYjGQ
DA:100,1,ovL+DZA8iIU6vgaCvI/v5w
DA:104,1,u05yjRWAkH+gCp+qnLKbwA
DA:105,1,8Vr+tinFmr2NB0C6CHAaSg
DA:106,1,i/cYdp1rY0u54eufMN98mA
DA:108,1,Dnuae3MZhwVX4armsZjxuA
DA:109,1,bhYFmlATvXboz6ZhnEnrbA
DA:110,1,pOvGLA9DHXMk9W50+I39MA
DA:111,1,PcEaHT5AgJl9/4zdh5IQow
DA:112,1,3ikpsMKgoXIcOk7SBv8eVQ
DA:113,1,xGQJDSn2ct/6HGFXTZodXw
DA:115,1,mHdZKLuZrY3JDPOeQHLV4Q
DA:117,1,6CPuh2h7s873hF8P31jlBw
DA:118,1,iI+nU5cpqlplhLF1AbyqJg
DA:120,1,j+CcxAIEiLeqjzkbiEHnZA
DA:121,1,TEKkvPTQ0YMyC3eniLpr0w
DA:122,1,fWHN64oE/VY+yBcq/EeHpw
DA:123,1,xZJjlEgHfGZnebWJQDBBLg
DA:125,1,ovL+DZA8iIU6vgaCvI/v5w
DA:126,1,obALZ43iiuZnI6VhwopXXA
DA:128,1,Usg1ooUYnCaKMhbXXL0jcw
DA:133,1,u05yjRWAkH+gCp+qnLKbwA
DA:134,1,feA6qEM1SP2JgyLWnBux2Q
DA:135,1,4JXwY4wDxi4JhfU020GaNQ
DA:137,1,Dnuae3MZhwVX4armsZjxuA
DA:138,1,bhYFmlATvXboz6ZhnEnrbA
DA:139,1,pOvGLA9DHXMk9W50+I39MA
DA:140,1,PcEaHT5AgJl9/4zdh5IQow
DA:141,1,3ikpsMKgoXIcOk7SBv8eVQ
DA:142,1,EubompAavHzS0GU7FR4eTQ
DA:144,1,mHdZKLuZrY3JDPOeQHLV4Q
DA:146,1,Ddrsst1arMQ0vWVvSm1k6A
DA:147,1,iI+nU5cpqlplhLF1AbyqJg
DA:148,1,Xe+pBpqbGDpPhS1FbwTOuA
DA:150,1,j+CcxAIEiLeqjzkbiEHnZA
DA:151,1,TEKkvPTQ0YMyC3eniLpr0w
DA:152,1,fWHN64oE/VY+yBcq/EeHpw
DA:153,1,xZJjlEgHfGZnebWJQDBBLg
DA:155,1,ovL+DZA8iIU6vgaCvI/v5w
DA:156,1,obALZ43iiuZnI6VhwopXXA
DA:158,1,Usg1ooUYnCaKMhbXXL0jcw
DA:159,1,TEKkvPTQ0YMyC3eniLpr0w
DA:160,1,RStvCKdWYPygC3I5lChqvQ
DA:18,0,m/lJvfAqp1BOoQympeCbPQ
DA:101,0,2UP/yAVtsuuG8XtneFjwpg
DA:129,0,TEKkvPTQ0YMyC3eniLpr0w
DA:130,0,RStvCKdWYPygC3I5lChqvQ
LF:104
LH:100
end_of_record
TN:
SF:/Users/gavin/repos/EnsemblLite/.nox/test-3-11/lib/python3.11/site-packages/ensembl_lite/species.py
DA:1,1,ydCxunymauVRdfWlNGpIBA
DA:3,1,7Z9Lj4ed27Wf2hBX6jooEA
DA:4,1,p7hNY1S5rX9QtYADf+cK4g
DA:5,1,zVIrvo60kTiMN8IFGNmBDQ
DA:7,1,cCuqeLESvHgNHDrnQWmicA
DA:8,1,DrgFDeKSOat/4Oya+9YouA
DA:9,1,cX6L/6EsyXBlqFssHNK10w
DA:11,1,sZt3w04/tw4mu2hNMXLPNQ
DA:14,1,YKHpU+Th1SLXA+RgwcedHQ
DA:16,1,TE36YJYgVPqM40K32GGhYA
DA:19,1,fdH3WzKJyOwJgOQKzwU4vg
DA:23,1,AKimunAoxAf3oxemTqBanw
DA:26,1,uZvehWY1ssQEFe3Pv5mDEQ
DA:27,1,B/Fo9U4/nMeRNS1JjGZVyQ
DA:29,1,yJ45lL60OIDPjMOYCKxaWQ
DA:34,1,rMScBlEX17KZ2NrZRjvf6w
DA:37,1,q79qURUc9KYoNEm3czE+NA
DA:38,1,zySdJpBC1HDmjBKKubNszw
DA:40,1,OoXSJowkR86B7YrzXy2VVA
DA:42,1,JwD+0FQ+4JZBXebmO+Ns1w
DA:43,1,Zmy5+tcM7Nkm0vyI8WUaSg
DA:44,1,nw5Tair7c8YfBgLiRyeLRw
DA:45,1,GHxToNQAs8lWwfCSYADLRA
DA:46,1,1f6i9WZYHMdHnfmtLeGbuA
DA:47,1,SFGIGItpr0BoJkZaCTnvRw
DA:48,1,OrRWAS0VPKM2EIAfTIjjzQ
DA:50,1,M1PxRBbO5YFINBVhUbMlsg
DA:53,1,UUxPMPDbQCc1nVwozNCoxw
DA:56,1,035WO7coHDd0T/TRNTV7sQ
DA:57,1,+YI1HGjNxPaAb1PWP0gA/A
DA:58,1,Bih8LzuzbtmAIInGTLgW2g
DA:67,1,UTw/YJNyyluIDVWBdkn1yA
DA:71,1,+OiRvr94x9IoKpdIXzmPvA
DA:74,1,P9n4+an63SfOklz8Mua8XQ
DA:75,1,nF2/Vbo9d8EyZ28GEiuKQQ
DA:76,1,/NfvQ7IGJl3Zn7fJ8juc2Q
DA:78,1,D+RaMTP8sPwzJ4GQgS2vhw
DA:79,1,Lf6JA1liZEUkHIFBhaJlkw
DA:80,1,X/xnTJCAvk1rXynkqB2Drw
DA:81,1,l724kd0SN59t0jzoUorOAA
DA:83,1,H08i/s/2pIg8QyGe6lKZ9Q
DA:85,1,NGMm8AWTQXV4XCTZP409tQ
DA:86,1,K8mPwB6Lggtp5uYIThnAUA
DA:87,1,lpxwHnk8yP7MOcf7ELVcAQ
DA:88,1,IWsfVBicyYzJyLHrLQQtjw
DA:92,1,wegr6Af5JNpZUAE5AbW2Hw
DA:94,1,zc6hE688rWXhyG77O5xU6A
DA:96,1,P9n4+an63SfOklz8Mua8XQ
DA:97,1,D+RaMTP8sPwzJ4GQgS2vhw
DA:98,1,ulf0hVr+vL28qC8vm1dSUw
DA:100,1,4rGprNNIqLr3wqmD8cWdcQ
DA:101,1,W1xh+PuUPFgQJASb2XbS5g
DA:102,1,HTX1vDi1czVpCsM69zB7ew
DA:103,1,SDcKBEKMAs+gUvbciD8huw
DA:104,1,sTfH93VJdWys6uQLlZzUSg
DA:105,1,HpDAYpzjpHW8IiMG8yOKEw
DA:106,1,i6PoNVQx33YRX5nLBRDNLg
DA:107,1,lpxwHnk8yP7MOcf7ELVcAQ
DA:108,1,IWsfVBicyYzJyLHrLQQtjw
DA:109,1,pIW3TcN2fDUXq/2EXzUFCw
DA:112,1,nNSJpz8w1Qep5BNXvORSmA
DA:114,1,xvHopewSCYaqSuc2yDFIzg
DA:118,1,1Usc3vQmDhCJ4USpDQ/sqA
DA:121,1,P9n4+an63SfOklz8Mua8XQ
DA:122,1,83AsBwSh+3c6khpU0pkLJw
DA:123,1,tKy894U50NDJSHsyTLrk4g
DA:124,1,xjcDBnSwra0OiNOAYAwoHA
DA:125,1,zDaIWliJJ+MhSxBiFR3Bwg
DA:126,1,+CKosPq0uyjmgcpgWz3xsQ
DA:127,1,3+Opt2T9rHQgADabwymYtQ
DA:128,1,25/b7rM8BwwcysmUZm5d6g
DA:131,1,10lx5Re3V0SFtiqk4c0NaQ
DA:133,1,4KBTaAhVO+aIROBZdN29XQ
DA:135,1,5rtSPCIhwNWH46w3ZuCYTQ
DA:136,1,m83Hdp+LaiBevWCFOuIUtw
DA:137,1,MnzpXe1veqpfA7nIMRo0OA
DA:138,1,9Ksl7K9vPfOWDz1987OP6w
DA:139,1,Fb9vTuCjqNgqjYZUBrvUzw
DA:140,1,RR/wXbkxB0htCAh1oMD6FA
DA:141,1,LDMvTfZPdU1GX0pcWF861g
DA:143,1,qUE6Qe1DFjojtawhYq6+Rw
DA:145,1,5rtSPCIhwNWH46w3ZuCYTQ
DA:146,1,dDvCWuvkRQT5bu4QO2OczQ
DA:147,1,bB707gbjkENiGItqG1cSHw
DA:148,1,UgRapOJl/nGZ4bVwogMSnw
DA:149,1,08QbZnY2nxp5ge3Bti3Q4g
DA:150,1,XmeTDZSnIVAKjpe9SxlUow
DA:151,1,bHCRnNK5FPA4snDMy/z+vA
DA:152,1,+PotjEbryklBk3ny5OdHzw
DA:153,1,D/mCq3Od8QD2Ib816UxDjQ
DA:155,1,lxppOuIRoyozWfmi3dfUaA
DA:157,1,YcaPhiTbEA0TUfD4efYhuQ
DA:158,1,d0mbnmHJ/DWwCLVj2T66nQ
DA:159,1,oGIlhIO+XHGrtqQHPSsDbw
DA:160,1,bJEQrcZNRShKXVh90EcMpQ
DA:162,1,l06X8Ku6tfWAzX3Z9LWl5g
DA:163,1,Vx02vBvyoNhHMnOLdH9OTQ
DA:174,1,JNi4ppx4QgzgTM+sttPsNA
DA:177,1,nrjWQSS3R8uZyERRaaQ8hw
DA:179,1,0t8A8jLX9pjrXMY8rn2lkw
DA:180,1,UhwNvqyVBd+0o/f33GBS/g
DA:181,1,timj4p8G6BuBDHworyU+Qg
DA:182,1,Ff3kJm3OLEBh/AYaNa4IrA
DA:185,1,zUb5EgLoUaiRCz59RwZTJA
DA:186,1,9eRpoIQ8Fp/sWNVl2Xce5w
DA:187,1,axsua8xw++ZYpYVtYn5/aQ
DA:188,1,4/divVJ7qPKUheiYhRW3IA
DA:189,1,pOJwuGdEbe7GLbMcySd1QA
DA:193,1,yFPCxvLuDZu8j1rGGATFHQ
DA:24,0,x8dKOtdNnrqfCCxtx+FqAA
DA:30,0,W7gQKZE150AQEaXFQIudGg
DA:31,0,8SW9g0E/3Co/0dOO3XuLRw
DA:51,0,WGH/wC+And6PfBwCffoYxw
DA:54,0,eXGPmNUSunh/+4JQ5mkQjQ
DA:68,0,nPZwvk+D/djiFlUHQkQEOw
DA:69,0,RaCA4QIxjY+RPhVWVe7uhw
DA:89,0,pIW3TcN2fDUXq/2EXzUFCw
DA:90,0,fjJOYk2yIT/rvMPASBbZyA
DA:110,0,fjJOYk2yIT/rvMPASBbZyA
DA:116,0,sE7GcMt6U85HvVRjwHv03g
DA:129,0,6aFEbUHrWMiPlR9HarTbeg
DA:191,0,YABG3hsr/U8VfGtIy5sNSA
LF:121
LH:108
end_of_record
TN:
SF:/Users/gavin/repos/EnsemblLite/.nox/test-3-11/lib/python3.11/site-packages/ensembl_lite/util.py
DA:1,1,ydCxunymauVRdfWlNGpIBA
DA:3,1,rP4JHqAK36dzp9gm59AGTw
DA:4,1,7Z9Lj4ed27Wf2hBX6jooEA
DA:5,1,9ib9jXLYq8Jpa8IR4GQL4A
DA:6,1,p7hNY1S5rX9QtYADf+cK4g
DA:7,1,dbKXYnHzrSnvURbcSLvVKA
DA:8,1,XRh5gz49gzin2tgbGaB31w
DA:9,1,mUDsnWRiqW9R9nTILGKIZg
DA:10,1,DxtaAXdRc2C7Jp33EWZ6lg
DA:12,1,R1nrhjJoEiDAb09KLMbfHg
DA:13,1,0t59A2pUddEli7Tf50PQNA
DA:14,1,OK/xlOwpdrT2Q5QaZOs7yg
DA:16,1,6wqNvC4c3ArYAeCyYJ0FVA
DA:17,1,pNdwiMWHKhQdGEyfLrWuyQ
DA:18,1,z0M55drSbFe78y+pxCfU9g
DA:20,1,bpdQiR0sYwUYGZqWgEklkQ
DA:23,1,Zbc18dfOAgCRK29VA17oeg
DA:35,1,AP3KUU7CQEQaWFhBiLdJIQ
DA:48,1,P17lFPmKxDcBOt+B1w0qCw
DA:50,1,x5NY1i5qPzBcE5Lnl2P/PA
DA:53,1,O1syTkXrF9Lj9sMWURdDXg
DA:55,1,nSEqOTWD7EGxiBRKkpdVhQ
DA:57,1,C3Z+kH29EfVXEKvpbdyJww
DA:58,1,6rEKjmUrepFAjULgvjTPnw
DA:61,1,//Tc5+xi0VlixTQCxvA05g
DA:64,1,g5iEDghVWXHSF6rAEjJFdg
DA:65,1,k5wriajzDbE5rZPQs1v+zQ
DA:66,1,wy7Dvi0rFRlZPCduYWkTRA
DA:67,1,9qzmXFW0yu6lk2vfs0nPMw
DA:72,1,be3GsNBGcGRuMunhNkNLkA
DA:75,1,WWymkJjJHtzyVjRc0wjsfA
DA:86,1,BLhcSIu6w8fyTTPqq0hf/Q
DA:87,1,DOb0q6nWUsF+iDPmAYcZDg
DA:88,1,guprl5f+eOhn2czvmbZFIw
DA:89,1,p2KaCa4/jMVoWLQAaXOAsw
DA:90,1,7lSfq7h02rJtJCq7Z66zmw
DA:91,1,pOhBJIwg8MUq4vSrNQYzdQ
DA:92,1,1NFHRfYp4eD60lGju6DQow
DA:95,1,oCYPKlwV7/5Uud0x5AUIDQ
DA:96,1,AhgBaCUn+ZewFPoduBmQTw
DA:98,1,pk+YwFTXmoIZNxIHZZBXCw
DA:99,1,UvvB6P5zh72tv/iqRFVnxA
DA:100,1,42pL8+NwjL1PnSXqQAnELw
DA:101,1,s520EPi6/ZpBXPH0LhLEVw
DA:102,1,WGZX2/4XqBqpJCN42XEqhQ
DA:104,1,X115G4CwmLkek13LoY9EUg
DA:105,1,ZEFmnwaKfyMbppGkBxKCjA
DA:107,1,ovL+DZA8iIU6vgaCvI/v5w
DA:109,1,n+LGrMsFgAmlPan3IqgHow
DA:111,1,j+CcxAIEiLeqjzkbiEHnZA
DA:112,1,uCXK2kUOe/IeC+XFfxukQg
DA:115,1,e6oWW1JNYt4FgA4DhNVe9A
DA:117,1,iSBbpbW+jjRbKa4A9Fq2+w
DA:118,1,DiVwn8alBMT5o60iLoAgHA
DA:119,1,Wv7e5Gsg8Bsk347Htwc6iw
DA:120,1,H83BHPCx7yxC0Bab3by49Q
DA:122,1,6JUlK0keJWsyL+QtBpZ5BQ
DA:123,1,reiWqWoGKzrlVmySLmDNIw
DA:124,1,trr0JXvxA/j6fsPyrtMUjQ
DA:125,1,BJBlZsSWstphiTlZImt1kA
DA:128,1,1amIqdLk6frD0pYfCHzCmw
DA:130,1,iSBbpbW+jjRbKa4A9Fq2+w
DA:131,1,DiVwn8alBMT5o60iLoAgHA
DA:132,1,Wv7e5Gsg8Bsk347Htwc6iw
DA:133,1,H83BHPCx7yxC0Bab3by49Q
DA:135,1,7NsGnkgeZiOi9QCLvDv2ig
DA:136,1,lqPMcBJI9CcMGnRbt82u8A
DA:137,1,trr0JXvxA/j6fsPyrtMUjQ
DA:138,1,BJBlZsSWstphiTlZImt1kA
DA:141,1,aaR5v5puyUvYwCo0R2yPrw
DA:142,1,laQNO9buGLUfoaIc6psXMA
DA:144,1,GeGUXQpQpM34b/eOhP8upQ
DA:169,1,vaB6iPcZns+X7Pgz/lFmqQ
DA:199,1,kXSYTysihhkPbrxCabP/YQ
DA:206,1,DaILL+4a/KVumA4izdtNAw
DA:209,1,AzSw2ozNDD2XWLxL38yHCA
DA:220,1,EjC/gawtwBpIMue7fIQcCw
DA:230,1,to9JE3XKG503hYdHt0h0kA
DA:235,1,BqX2JNUJ8Wauai/ghs9dMQ
DA:240,1,RLRDNsd2SIMb+L/W+AIzcA
DA:241,1,bbTGw/YYUxDAziDGu3axsw
DA:242,1,0cuLp+cgcF4D6hrtwyOSgg
DA:243,1,Q4txr+6Jyqji0av6jKJYVg
DA:246,1,TsfEddgPIA1y2AXK8bAmWQ
DA:250,1,e+ceXnAq281v6tjbHGfwpQ
DA:251,1,8Xv0jbAIAaK8NBWnyCHsYg
DA:255,1,1bKAo9sTcmJN/td+l3B2vw
DA:256,1,Pe33GBgeN7Jhb6BNpRFJmQ
DA:257,1,tXsKhWmmkDBVsrIt7n73Ww
DA:260,1,e+ceXnAq281v6tjbHGfwpQ
DA:261,1,MreBEKLupiTaxXrHkl6CvQ
DA:263,1,qGx6t+e1cZ8JjecUCzslng
DA:266,1,JopyqBccr2Zs/213N8Ws7A
DA:267,1,QBqs0zZgSSplL3X4MdW0pQ
DA:271,1,U1eyiE4DjUzwwOgtEBB6Jg
DA:275,1,iiJzxYpH5vXZaJTijO5XlA
DA:301,1,y1DvgFPyw33OE10uoL1i/Q
DA:304,1,DG6eu+T7KSun1jj+ewi5Qg
DA:305,1,mktAg43zcz9XAODdkO4rdw
DA:308,1,kiWAwwP71wUD7fZoctMyHg
DA:310,1,3qIPyjd+EeTkkmJ7492MbQ
DA:311,1,1Fj09WsTTw7H4wlejtNoCA
DA:312,1,xeA/w4kPEr6gkC0q17BKeA
DA:313,1,7a6iEiO6Zzu8yfez5LxOyQ
DA:314,1,GJkG5MLsr+/UpFD9X2nB7w
DA:316,1,uI8QmuaqtYu39g6t/EuNew
DA:319,1,n8Mr2w1ARKk7YG39tCSdvg
DA:320,1,O9eYIDd/7hJNkcbXWSJZ4g
DA:321,1,Hfb9xQ1hq+Eyu4FgUqFvig
DA:322,1,iSBbpbW+jjRbKa4A9Fq2+w
DA:323,1,Y2er3NLao6X9XBm/E1IuzA
DA:324,1,++8EuOXGij1XDhu6MVfKBw
DA:328,1,Pc2rGtRXgdDVL8eCLThxVQ
DA:329,1,2T2bWok7/QXedKSn0xvCUw
DA:330,1,03FDqbfdCIyv3iklEMAA+w
DA:332,1,P2Mgjg9k0xteshrUOMKPmA
DA:334,1,BJBlZsSWstphiTlZImt1kA
DA:337,1,Mp8fJR3Hgn0N3mQpMYrk4A
DA:338,1,lKw/WWU1M0Wrjo1FVOhtXQ
DA:340,1,7wrJWWW/7+4+lixrjv6mKw
DA:343,1,Mp8fJR3Hgn0N3mQpMYrk4A
DA:344,1,6MnGzmCivNZYnP1bxSSrhw
DA:346,1,76IyaL2jq5b05JZxnQ/KPw
DA:349,1,Mp8fJR3Hgn0N3mQpMYrk4A
DA:350,1,7971f1gJ1fyYpiGuCLIsww
DA:351,1,oiQRE7i4HJCZQgvmPNtWRQ
DA:354,1,Mp8fJR3Hgn0N3mQpMYrk4A
DA:355,1,53Yd47egDnblhMU1rcdcsw
DA:356,1,9SRrgw2ADthDEJfC7zpxAQ
DA:359,1,pmYIuVHTASxLzjw9+3Xu3A
DA:360,1,7ek/IcNFBPZDSmg/XyW1HA
DA:362,1,VrKVP+E9gFBhItKlPGRHaA
DA:365,1,fW5qyroOeVMGguVjztgwwg
DA:373,1,TJYYYa3B0bxWqe08UBJ+fA
DA:30,0,jxt/DA0bUbB85csb/rG/Rg
DA:51,0,dqNXUvOIyvqVHuqQkFynmg
DA:59,0,9Zesbvu4QABkYKgZiZQWNw
DA:121,0,sOvtOfk75TbAtTgkgicGHg
DA:134,0,sOvtOfk75TbAtTgkgicGHg
DA:158,0,CuvkfkA9kxZ1OqcNHQlNZg
DA:160,0,lCBOjl5UtqZQvdGoUIwuFQ
DA:161,0,1/F0muPTb7zRWdtt4e1wxw
DA:162,0,YbsNnuZzWB73jgwEQsKBXQ
DA:163,0,GxatLFqQfT059JcFHUzSsA
DA:164,0,hdLp1UPzFGt7MOv5cYhmXw
DA:166,0,iCBhFiOEd49mXQkWaQCD2w
DA:167,0,FLDxoYtyJ+3j7mejVPxAvw
DA:185,0,TDzji6ReruGcevaIB478Kw
DA:186,0,xenb33NHxaEIa/X0xFksWw
DA:187,0,9Agz/sQakilVVjc+2OVe7A
DA:188,0,+02odjCpqjOwwPUstf+XqA
DA:194,0,4Dni7UzZ88xlAqKURd7cdw
DA:195,0,kcvI5tR8PcngcoqkzzGa9A
DA:197,0,1HYaNSGUGo8/3dhWv9wvEg
DA:201,0,TeooCPo7IXmMYHINy/LRZw
DA:202,0,eED1DOW/uulIuw8M4wnlVQ
DA:204,0,pbJBZ2pOrunT6h2aCwacjA
DA:207,0,5iTineP0EQ5ZSoFeJutPIg
DA:210,0,7Vym1MmGEfCfIANMx8ZRvw
DA:211,0,xjcDBnSwra0OiNOAYAwoHA
DA:212,0,5UWHzJRZjGHRN+sEbc7YAA
DA:213,0,YuVr4I/RmyymjhN4aZHE/w
DA:214,0,B+ZJQ8zBxPMiDZhsnR0Fag
DA:216,0,kBctwdDguIcEzeMvNmjX6A
DA:218,0,PKMQ1GRGMrVbN1KWwlJkig
DA:221,0,8QD+xO9eVXDF0uR4ffxDYQ
DA:222,0,aSMTV+Cb2nAcdVCwzP8ROA
DA:223,0,ym67uSvt2Rii8v/oykeSzg
DA:224,0,tjCXrsjfu6suJ14hRcF5BA
DA:226,0,VAPTE2UKLiqPr1i8ym4EOA
DA:228,0,W6gV0G65+fZSJeWamSoINQ
DA:232,0,1HHXgzIAzbEXAm1M7ajCrQ
DA:233,0,7WBL5pf8POrRaSYSWEpYVw
DA:237,0,SoIjE7wplbOsQfSfCfSpjQ
DA:247,0,9Sa+SmmtyPnvgOYDU3X9JQ
DA:252,0,EmLEaWXYtyOGT17ZYkA1LQ
DA:268,0,oY1tFM5TB4IRIZf+Vdi0Yg
DA:272,0,IqodRrz3MlzrdJVRghwrNg
DA:277,0,n9RDoYoX+kw8DllLIyCThg
DA:278,0,syKe9gwTwDW2bQ+ubuqaAQ
DA:279,0,bYw9E3lnJcmiZddtqj4l3w
DA:281,0,B34xDAzPnK5tfDMBmTCmXw
DA:282,0,eE4hBh8n1/O3jftusBgYlQ
DA:283,0,iRoPCKZCIOvIKIFgKNgL5Q
DA:289,0,uw2l26ykKvXtFcE0rblnpQ
DA:290,0,qqZlWMDiNaZ+jS65Qae7Jw
DA:291,0,sUSeZ2XHEqIy63mnMvsAlw
DA:292,0,yh789XAOJ+8GLqcniDOelg
DA:294,0,n4pEps5h8xIZdsu9EoEuqQ
DA:295,0,9Xq6xeEIXtiFwvrvSfIT1g
DA:297,0,6RfZOML7ZcIM9YNVufKjaw
DA:298,0,behAMKbF4s+eOWJCPQeJ8w
LF:190
LH:132
end_of_record
